{"/Users/others/hummbl-production/api/src/base120.ts": {"path":"/Users/others/hummbl-production/api/src/base120.ts","all":false,"statementMap":{"0":{"start":{"line":1,"column":0},"end":{"line":1,"column":3}},"15":{"start":{"line":16,"column":0},"end":{"line":16,"column":64}},"16":{"start":{"line":17,"column":0},"end":{"line":17,"column":6}},"17":{"start":{"line":18,"column":0},"end":{"line":18,"column":13}},"18":{"start":{"line":19,"column":0},"end":{"line":19,"column":24}},"19":{"start":{"line":20,"column":0},"end":{"line":20,"column":74}},"20":{"start":{"line":21,"column":0},"end":{"line":21,"column":13}},"21":{"start":{"line":22,"column":0},"end":{"line":22,"column":7}},"22":{"start":{"line":23,"column":0},"end":{"line":23,"column":19}},"23":{"start":{"line":24,"column":0},"end":{"line":24,"column":41}},"24":{"start":{"line":25,"column":0},"end":{"line":25,"column":19}},"25":{"start":{"line":26,"column":0},"end":{"line":26,"column":93}},"26":{"start":{"line":27,"column":0},"end":{"line":27,"column":20}},"27":{"start":{"line":28,"column":0},"end":{"line":28,"column":8}},"28":{"start":{"line":29,"column":0},"end":{"line":29,"column":7}},"29":{"start":{"line":30,"column":0},"end":{"line":30,"column":19}},"30":{"start":{"line":31,"column":0},"end":{"line":31,"column":36}},"31":{"start":{"line":32,"column":0},"end":{"line":32,"column":19}},"32":{"start":{"line":33,"column":0},"end":{"line":33,"column":93}},"33":{"start":{"line":34,"column":0},"end":{"line":34,"column":20}},"34":{"start":{"line":35,"column":0},"end":{"line":35,"column":8}},"35":{"start":{"line":36,"column":0},"end":{"line":36,"column":7}},"36":{"start":{"line":37,"column":0},"end":{"line":37,"column":19}},"37":{"start":{"line":38,"column":0},"end":{"line":38,"column":31}},"38":{"start":{"line":39,"column":0},"end":{"line":39,"column":19}},"39":{"start":{"line":40,"column":0},"end":{"line":40,"column":94}},"40":{"start":{"line":41,"column":0},"end":{"line":41,"column":20}},"41":{"start":{"line":42,"column":0},"end":{"line":42,"column":8}},"42":{"start":{"line":43,"column":0},"end":{"line":43,"column":7}},"43":{"start":{"line":44,"column":0},"end":{"line":44,"column":19}},"44":{"start":{"line":45,"column":0},"end":{"line":45,"column":30}},"45":{"start":{"line":46,"column":0},"end":{"line":46,"column":100}},"46":{"start":{"line":47,"column":0},"end":{"line":47,"column":20}},"47":{"start":{"line":48,"column":0},"end":{"line":48,"column":8}},"48":{"start":{"line":49,"column":0},"end":{"line":49,"column":7}},"49":{"start":{"line":50,"column":0},"end":{"line":50,"column":19}},"50":{"start":{"line":51,"column":0},"end":{"line":51,"column":32}},"51":{"start":{"line":52,"column":0},"end":{"line":52,"column":19}},"52":{"start":{"line":53,"column":0},"end":{"line":53,"column":95}},"53":{"start":{"line":54,"column":0},"end":{"line":54,"column":20}},"54":{"start":{"line":55,"column":0},"end":{"line":55,"column":8}},"55":{"start":{"line":56,"column":0},"end":{"line":56,"column":7}},"56":{"start":{"line":57,"column":0},"end":{"line":57,"column":19}},"57":{"start":{"line":58,"column":0},"end":{"line":58,"column":40}},"58":{"start":{"line":59,"column":0},"end":{"line":59,"column":97}},"59":{"start":{"line":60,"column":0},"end":{"line":60,"column":20}},"60":{"start":{"line":61,"column":0},"end":{"line":61,"column":8}},"61":{"start":{"line":62,"column":0},"end":{"line":62,"column":7}},"62":{"start":{"line":63,"column":0},"end":{"line":63,"column":19}},"63":{"start":{"line":64,"column":0},"end":{"line":64,"column":38}},"64":{"start":{"line":65,"column":0},"end":{"line":65,"column":96}},"65":{"start":{"line":66,"column":0},"end":{"line":66,"column":20}},"66":{"start":{"line":67,"column":0},"end":{"line":67,"column":8}},"67":{"start":{"line":68,"column":0},"end":{"line":68,"column":7}},"68":{"start":{"line":69,"column":0},"end":{"line":69,"column":19}},"69":{"start":{"line":70,"column":0},"end":{"line":70,"column":34}},"70":{"start":{"line":71,"column":0},"end":{"line":71,"column":19}},"71":{"start":{"line":72,"column":0},"end":{"line":72,"column":91}},"72":{"start":{"line":73,"column":0},"end":{"line":73,"column":20}},"73":{"start":{"line":74,"column":0},"end":{"line":74,"column":8}},"74":{"start":{"line":75,"column":0},"end":{"line":75,"column":7}},"75":{"start":{"line":76,"column":0},"end":{"line":76,"column":19}},"76":{"start":{"line":77,"column":0},"end":{"line":77,"column":39}},"77":{"start":{"line":78,"column":0},"end":{"line":78,"column":19}},"78":{"start":{"line":79,"column":0},"end":{"line":79,"column":94}},"79":{"start":{"line":80,"column":0},"end":{"line":80,"column":20}},"80":{"start":{"line":81,"column":0},"end":{"line":81,"column":8}},"81":{"start":{"line":82,"column":0},"end":{"line":82,"column":7}},"82":{"start":{"line":83,"column":0},"end":{"line":83,"column":20}},"83":{"start":{"line":84,"column":0},"end":{"line":84,"column":34}},"84":{"start":{"line":85,"column":0},"end":{"line":85,"column":98}},"85":{"start":{"line":86,"column":0},"end":{"line":86,"column":20}},"86":{"start":{"line":87,"column":0},"end":{"line":87,"column":8}},"87":{"start":{"line":88,"column":0},"end":{"line":88,"column":7}},"88":{"start":{"line":89,"column":0},"end":{"line":89,"column":20}},"89":{"start":{"line":90,"column":0},"end":{"line":90,"column":40}},"90":{"start":{"line":91,"column":0},"end":{"line":91,"column":98}},"91":{"start":{"line":92,"column":0},"end":{"line":92,"column":20}},"92":{"start":{"line":93,"column":0},"end":{"line":93,"column":8}},"93":{"start":{"line":94,"column":0},"end":{"line":94,"column":7}},"94":{"start":{"line":95,"column":0},"end":{"line":95,"column":20}},"95":{"start":{"line":96,"column":0},"end":{"line":96,"column":33}},"96":{"start":{"line":97,"column":0},"end":{"line":97,"column":19}},"97":{"start":{"line":98,"column":0},"end":{"line":98,"column":95}},"98":{"start":{"line":99,"column":0},"end":{"line":99,"column":20}},"99":{"start":{"line":100,"column":0},"end":{"line":100,"column":8}},"100":{"start":{"line":101,"column":0},"end":{"line":101,"column":7}},"101":{"start":{"line":102,"column":0},"end":{"line":102,"column":20}},"102":{"start":{"line":103,"column":0},"end":{"line":103,"column":32}},"103":{"start":{"line":104,"column":0},"end":{"line":104,"column":87}},"104":{"start":{"line":105,"column":0},"end":{"line":105,"column":20}},"105":{"start":{"line":106,"column":0},"end":{"line":106,"column":8}},"106":{"start":{"line":107,"column":0},"end":{"line":107,"column":7}},"107":{"start":{"line":108,"column":0},"end":{"line":108,"column":20}},"108":{"start":{"line":109,"column":0},"end":{"line":109,"column":40}},"109":{"start":{"line":110,"column":0},"end":{"line":110,"column":96}},"110":{"start":{"line":111,"column":0},"end":{"line":111,"column":20}},"111":{"start":{"line":112,"column":0},"end":{"line":112,"column":8}},"112":{"start":{"line":113,"column":0},"end":{"line":113,"column":7}},"113":{"start":{"line":114,"column":0},"end":{"line":114,"column":20}},"114":{"start":{"line":115,"column":0},"end":{"line":115,"column":37}},"115":{"start":{"line":116,"column":0},"end":{"line":116,"column":90}},"116":{"start":{"line":117,"column":0},"end":{"line":117,"column":20}},"117":{"start":{"line":118,"column":0},"end":{"line":118,"column":8}},"118":{"start":{"line":119,"column":0},"end":{"line":119,"column":7}},"119":{"start":{"line":120,"column":0},"end":{"line":120,"column":20}},"120":{"start":{"line":121,"column":0},"end":{"line":121,"column":45}},"121":{"start":{"line":122,"column":0},"end":{"line":122,"column":19}},"122":{"start":{"line":123,"column":0},"end":{"line":123,"column":93}},"123":{"start":{"line":124,"column":0},"end":{"line":124,"column":20}},"124":{"start":{"line":125,"column":0},"end":{"line":125,"column":8}},"125":{"start":{"line":126,"column":0},"end":{"line":126,"column":7}},"126":{"start":{"line":127,"column":0},"end":{"line":127,"column":20}},"127":{"start":{"line":128,"column":0},"end":{"line":128,"column":42}},"128":{"start":{"line":129,"column":0},"end":{"line":129,"column":96}},"129":{"start":{"line":130,"column":0},"end":{"line":130,"column":20}},"130":{"start":{"line":131,"column":0},"end":{"line":131,"column":8}},"131":{"start":{"line":132,"column":0},"end":{"line":132,"column":7}},"132":{"start":{"line":133,"column":0},"end":{"line":133,"column":20}},"133":{"start":{"line":134,"column":0},"end":{"line":134,"column":42}},"134":{"start":{"line":135,"column":0},"end":{"line":135,"column":19}},"135":{"start":{"line":136,"column":0},"end":{"line":136,"column":96}},"136":{"start":{"line":137,"column":0},"end":{"line":137,"column":20}},"137":{"start":{"line":138,"column":0},"end":{"line":138,"column":8}},"138":{"start":{"line":139,"column":0},"end":{"line":139,"column":7}},"139":{"start":{"line":140,"column":0},"end":{"line":140,"column":20}},"140":{"start":{"line":141,"column":0},"end":{"line":141,"column":37}},"141":{"start":{"line":142,"column":0},"end":{"line":142,"column":19}},"142":{"start":{"line":143,"column":0},"end":{"line":143,"column":92}},"143":{"start":{"line":144,"column":0},"end":{"line":144,"column":20}},"144":{"start":{"line":145,"column":0},"end":{"line":145,"column":8}},"145":{"start":{"line":146,"column":0},"end":{"line":146,"column":7}},"146":{"start":{"line":147,"column":0},"end":{"line":147,"column":20}},"147":{"start":{"line":148,"column":0},"end":{"line":148,"column":39}},"148":{"start":{"line":149,"column":0},"end":{"line":149,"column":19}},"149":{"start":{"line":150,"column":0},"end":{"line":150,"column":98}},"150":{"start":{"line":151,"column":0},"end":{"line":151,"column":20}},"151":{"start":{"line":152,"column":0},"end":{"line":152,"column":8}},"152":{"start":{"line":153,"column":0},"end":{"line":153,"column":6}},"153":{"start":{"line":154,"column":0},"end":{"line":154,"column":4}},"154":{"start":{"line":155,"column":0},"end":{"line":155,"column":7}},"155":{"start":{"line":156,"column":0},"end":{"line":156,"column":14}},"156":{"start":{"line":157,"column":0},"end":{"line":157,"column":22}},"157":{"start":{"line":158,"column":0},"end":{"line":158,"column":77}},"158":{"start":{"line":159,"column":0},"end":{"line":159,"column":13}},"159":{"start":{"line":160,"column":0},"end":{"line":160,"column":7}},"160":{"start":{"line":161,"column":0},"end":{"line":161,"column":20}},"161":{"start":{"line":162,"column":0},"end":{"line":162,"column":37}},"162":{"start":{"line":163,"column":0},"end":{"line":163,"column":89}},"163":{"start":{"line":164,"column":0},"end":{"line":164,"column":20}},"164":{"start":{"line":165,"column":0},"end":{"line":165,"column":8}},"165":{"start":{"line":166,"column":0},"end":{"line":166,"column":7}},"166":{"start":{"line":167,"column":0},"end":{"line":167,"column":20}},"167":{"start":{"line":168,"column":0},"end":{"line":168,"column":35}},"168":{"start":{"line":169,"column":0},"end":{"line":169,"column":87}},"169":{"start":{"line":170,"column":0},"end":{"line":170,"column":20}},"170":{"start":{"line":171,"column":0},"end":{"line":171,"column":8}},"171":{"start":{"line":172,"column":0},"end":{"line":172,"column":7}},"172":{"start":{"line":173,"column":0},"end":{"line":173,"column":20}},"173":{"start":{"line":174,"column":0},"end":{"line":174,"column":33}},"174":{"start":{"line":175,"column":0},"end":{"line":175,"column":81}},"175":{"start":{"line":176,"column":0},"end":{"line":176,"column":20}},"176":{"start":{"line":177,"column":0},"end":{"line":177,"column":8}},"177":{"start":{"line":178,"column":0},"end":{"line":178,"column":7}},"178":{"start":{"line":179,"column":0},"end":{"line":179,"column":20}},"179":{"start":{"line":180,"column":0},"end":{"line":180,"column":29}},"180":{"start":{"line":181,"column":0},"end":{"line":181,"column":19}},"181":{"start":{"line":182,"column":0},"end":{"line":182,"column":93}},"182":{"start":{"line":183,"column":0},"end":{"line":183,"column":20}},"183":{"start":{"line":184,"column":0},"end":{"line":184,"column":8}},"184":{"start":{"line":185,"column":0},"end":{"line":185,"column":7}},"185":{"start":{"line":186,"column":0},"end":{"line":186,"column":20}},"186":{"start":{"line":187,"column":0},"end":{"line":187,"column":39}},"187":{"start":{"line":188,"column":0},"end":{"line":188,"column":71}},"188":{"start":{"line":189,"column":0},"end":{"line":189,"column":20}},"189":{"start":{"line":190,"column":0},"end":{"line":190,"column":8}},"190":{"start":{"line":191,"column":0},"end":{"line":191,"column":7}},"191":{"start":{"line":192,"column":0},"end":{"line":192,"column":20}},"192":{"start":{"line":193,"column":0},"end":{"line":193,"column":47}},"193":{"start":{"line":194,"column":0},"end":{"line":194,"column":19}},"194":{"start":{"line":195,"column":0},"end":{"line":195,"column":95}},"195":{"start":{"line":196,"column":0},"end":{"line":196,"column":20}},"196":{"start":{"line":197,"column":0},"end":{"line":197,"column":8}},"197":{"start":{"line":198,"column":0},"end":{"line":198,"column":7}},"198":{"start":{"line":199,"column":0},"end":{"line":199,"column":20}},"199":{"start":{"line":200,"column":0},"end":{"line":200,"column":33}},"200":{"start":{"line":201,"column":0},"end":{"line":201,"column":91}},"201":{"start":{"line":202,"column":0},"end":{"line":202,"column":20}},"202":{"start":{"line":203,"column":0},"end":{"line":203,"column":8}},"203":{"start":{"line":204,"column":0},"end":{"line":204,"column":7}},"204":{"start":{"line":205,"column":0},"end":{"line":205,"column":20}},"205":{"start":{"line":206,"column":0},"end":{"line":206,"column":41}},"206":{"start":{"line":207,"column":0},"end":{"line":207,"column":90}},"207":{"start":{"line":208,"column":0},"end":{"line":208,"column":20}},"208":{"start":{"line":209,"column":0},"end":{"line":209,"column":8}},"209":{"start":{"line":210,"column":0},"end":{"line":210,"column":7}},"210":{"start":{"line":211,"column":0},"end":{"line":211,"column":20}},"211":{"start":{"line":212,"column":0},"end":{"line":212,"column":35}},"212":{"start":{"line":213,"column":0},"end":{"line":213,"column":98}},"213":{"start":{"line":214,"column":0},"end":{"line":214,"column":20}},"214":{"start":{"line":215,"column":0},"end":{"line":215,"column":8}},"215":{"start":{"line":216,"column":0},"end":{"line":216,"column":7}},"216":{"start":{"line":217,"column":0},"end":{"line":217,"column":21}},"217":{"start":{"line":218,"column":0},"end":{"line":218,"column":28}},"218":{"start":{"line":219,"column":0},"end":{"line":219,"column":99}},"219":{"start":{"line":220,"column":0},"end":{"line":220,"column":20}},"220":{"start":{"line":221,"column":0},"end":{"line":221,"column":8}},"221":{"start":{"line":222,"column":0},"end":{"line":222,"column":7}},"222":{"start":{"line":223,"column":0},"end":{"line":223,"column":21}},"223":{"start":{"line":224,"column":0},"end":{"line":224,"column":42}},"224":{"start":{"line":225,"column":0},"end":{"line":225,"column":96}},"225":{"start":{"line":226,"column":0},"end":{"line":226,"column":20}},"226":{"start":{"line":227,"column":0},"end":{"line":227,"column":8}},"227":{"start":{"line":228,"column":0},"end":{"line":228,"column":7}},"228":{"start":{"line":229,"column":0},"end":{"line":229,"column":21}},"229":{"start":{"line":230,"column":0},"end":{"line":230,"column":37}},"230":{"start":{"line":231,"column":0},"end":{"line":231,"column":19}},"231":{"start":{"line":232,"column":0},"end":{"line":232,"column":99}},"232":{"start":{"line":233,"column":0},"end":{"line":233,"column":20}},"233":{"start":{"line":234,"column":0},"end":{"line":234,"column":8}},"234":{"start":{"line":235,"column":0},"end":{"line":235,"column":7}},"235":{"start":{"line":236,"column":0},"end":{"line":236,"column":21}},"236":{"start":{"line":237,"column":0},"end":{"line":237,"column":39}},"237":{"start":{"line":238,"column":0},"end":{"line":238,"column":90}},"238":{"start":{"line":239,"column":0},"end":{"line":239,"column":20}},"239":{"start":{"line":240,"column":0},"end":{"line":240,"column":8}},"240":{"start":{"line":241,"column":0},"end":{"line":241,"column":7}},"241":{"start":{"line":242,"column":0},"end":{"line":242,"column":21}},"242":{"start":{"line":243,"column":0},"end":{"line":243,"column":48}},"243":{"start":{"line":244,"column":0},"end":{"line":244,"column":92}},"244":{"start":{"line":245,"column":0},"end":{"line":245,"column":20}},"245":{"start":{"line":246,"column":0},"end":{"line":246,"column":8}},"246":{"start":{"line":247,"column":0},"end":{"line":247,"column":7}},"247":{"start":{"line":248,"column":0},"end":{"line":248,"column":21}},"248":{"start":{"line":249,"column":0},"end":{"line":249,"column":36}},"249":{"start":{"line":250,"column":0},"end":{"line":250,"column":99}},"250":{"start":{"line":251,"column":0},"end":{"line":251,"column":20}},"251":{"start":{"line":252,"column":0},"end":{"line":252,"column":8}},"252":{"start":{"line":253,"column":0},"end":{"line":253,"column":7}},"253":{"start":{"line":254,"column":0},"end":{"line":254,"column":21}},"254":{"start":{"line":255,"column":0},"end":{"line":255,"column":37}},"255":{"start":{"line":256,"column":0},"end":{"line":256,"column":83}},"256":{"start":{"line":257,"column":0},"end":{"line":257,"column":20}},"257":{"start":{"line":258,"column":0},"end":{"line":258,"column":8}},"258":{"start":{"line":259,"column":0},"end":{"line":259,"column":7}},"259":{"start":{"line":260,"column":0},"end":{"line":260,"column":21}},"260":{"start":{"line":261,"column":0},"end":{"line":261,"column":40}},"261":{"start":{"line":262,"column":0},"end":{"line":262,"column":73}},"262":{"start":{"line":263,"column":0},"end":{"line":263,"column":20}},"263":{"start":{"line":264,"column":0},"end":{"line":264,"column":8}},"264":{"start":{"line":265,"column":0},"end":{"line":265,"column":7}},"265":{"start":{"line":266,"column":0},"end":{"line":266,"column":21}},"266":{"start":{"line":267,"column":0},"end":{"line":267,"column":43}},"267":{"start":{"line":268,"column":0},"end":{"line":268,"column":87}},"268":{"start":{"line":269,"column":0},"end":{"line":269,"column":20}},"269":{"start":{"line":270,"column":0},"end":{"line":270,"column":8}},"270":{"start":{"line":271,"column":0},"end":{"line":271,"column":7}},"271":{"start":{"line":272,"column":0},"end":{"line":272,"column":21}},"272":{"start":{"line":273,"column":0},"end":{"line":273,"column":49}},"273":{"start":{"line":274,"column":0},"end":{"line":274,"column":94}},"274":{"start":{"line":275,"column":0},"end":{"line":275,"column":20}},"275":{"start":{"line":276,"column":0},"end":{"line":276,"column":8}},"276":{"start":{"line":277,"column":0},"end":{"line":277,"column":7}},"277":{"start":{"line":278,"column":0},"end":{"line":278,"column":21}},"278":{"start":{"line":279,"column":0},"end":{"line":279,"column":50}},"279":{"start":{"line":280,"column":0},"end":{"line":280,"column":94}},"280":{"start":{"line":281,"column":0},"end":{"line":281,"column":20}},"281":{"start":{"line":282,"column":0},"end":{"line":282,"column":8}},"282":{"start":{"line":283,"column":0},"end":{"line":283,"column":6}},"283":{"start":{"line":284,"column":0},"end":{"line":284,"column":4}},"284":{"start":{"line":285,"column":0},"end":{"line":285,"column":7}},"285":{"start":{"line":286,"column":0},"end":{"line":286,"column":14}},"286":{"start":{"line":287,"column":0},"end":{"line":287,"column":24}},"287":{"start":{"line":288,"column":0},"end":{"line":288,"column":55}},"288":{"start":{"line":289,"column":0},"end":{"line":289,"column":13}},"289":{"start":{"line":290,"column":0},"end":{"line":290,"column":7}},"290":{"start":{"line":291,"column":0},"end":{"line":291,"column":20}},"291":{"start":{"line":292,"column":0},"end":{"line":292,"column":34}},"292":{"start":{"line":293,"column":0},"end":{"line":293,"column":86}},"293":{"start":{"line":294,"column":0},"end":{"line":294,"column":20}},"294":{"start":{"line":295,"column":0},"end":{"line":295,"column":8}},"295":{"start":{"line":296,"column":0},"end":{"line":296,"column":7}},"296":{"start":{"line":297,"column":0},"end":{"line":297,"column":20}},"297":{"start":{"line":298,"column":0},"end":{"line":298,"column":25}},"298":{"start":{"line":299,"column":0},"end":{"line":299,"column":92}},"299":{"start":{"line":300,"column":0},"end":{"line":300,"column":20}},"300":{"start":{"line":301,"column":0},"end":{"line":301,"column":8}},"301":{"start":{"line":302,"column":0},"end":{"line":302,"column":7}},"302":{"start":{"line":303,"column":0},"end":{"line":303,"column":20}},"303":{"start":{"line":304,"column":0},"end":{"line":304,"column":39}},"304":{"start":{"line":305,"column":0},"end":{"line":305,"column":86}},"305":{"start":{"line":306,"column":0},"end":{"line":306,"column":20}},"306":{"start":{"line":307,"column":0},"end":{"line":307,"column":8}},"307":{"start":{"line":308,"column":0},"end":{"line":308,"column":7}},"308":{"start":{"line":309,"column":0},"end":{"line":309,"column":20}},"309":{"start":{"line":310,"column":0},"end":{"line":310,"column":44}},"310":{"start":{"line":311,"column":0},"end":{"line":311,"column":86}},"311":{"start":{"line":312,"column":0},"end":{"line":312,"column":20}},"312":{"start":{"line":313,"column":0},"end":{"line":313,"column":8}},"313":{"start":{"line":314,"column":0},"end":{"line":314,"column":7}},"314":{"start":{"line":315,"column":0},"end":{"line":315,"column":20}},"315":{"start":{"line":316,"column":0},"end":{"line":316,"column":26}},"316":{"start":{"line":317,"column":0},"end":{"line":317,"column":90}},"317":{"start":{"line":318,"column":0},"end":{"line":318,"column":20}},"318":{"start":{"line":319,"column":0},"end":{"line":319,"column":8}},"319":{"start":{"line":320,"column":0},"end":{"line":320,"column":7}},"320":{"start":{"line":321,"column":0},"end":{"line":321,"column":20}},"321":{"start":{"line":322,"column":0},"end":{"line":322,"column":36}},"322":{"start":{"line":323,"column":0},"end":{"line":323,"column":91}},"323":{"start":{"line":324,"column":0},"end":{"line":324,"column":20}},"324":{"start":{"line":325,"column":0},"end":{"line":325,"column":8}},"325":{"start":{"line":326,"column":0},"end":{"line":326,"column":7}},"326":{"start":{"line":327,"column":0},"end":{"line":327,"column":20}},"327":{"start":{"line":328,"column":0},"end":{"line":328,"column":32}},"328":{"start":{"line":329,"column":0},"end":{"line":329,"column":80}},"329":{"start":{"line":330,"column":0},"end":{"line":330,"column":20}},"330":{"start":{"line":331,"column":0},"end":{"line":331,"column":8}},"331":{"start":{"line":332,"column":0},"end":{"line":332,"column":7}},"332":{"start":{"line":333,"column":0},"end":{"line":333,"column":20}},"333":{"start":{"line":334,"column":0},"end":{"line":334,"column":36}},"334":{"start":{"line":335,"column":0},"end":{"line":335,"column":100}},"335":{"start":{"line":336,"column":0},"end":{"line":336,"column":20}},"336":{"start":{"line":337,"column":0},"end":{"line":337,"column":8}},"337":{"start":{"line":338,"column":0},"end":{"line":338,"column":7}},"338":{"start":{"line":339,"column":0},"end":{"line":339,"column":20}},"339":{"start":{"line":340,"column":0},"end":{"line":340,"column":36}},"340":{"start":{"line":341,"column":0},"end":{"line":341,"column":19}},"341":{"start":{"line":342,"column":0},"end":{"line":342,"column":93}},"342":{"start":{"line":343,"column":0},"end":{"line":343,"column":20}},"343":{"start":{"line":344,"column":0},"end":{"line":344,"column":8}},"344":{"start":{"line":345,"column":0},"end":{"line":345,"column":7}},"345":{"start":{"line":346,"column":0},"end":{"line":346,"column":21}},"346":{"start":{"line":347,"column":0},"end":{"line":347,"column":39}},"347":{"start":{"line":348,"column":0},"end":{"line":348,"column":93}},"348":{"start":{"line":349,"column":0},"end":{"line":349,"column":20}},"349":{"start":{"line":350,"column":0},"end":{"line":350,"column":8}},"350":{"start":{"line":351,"column":0},"end":{"line":351,"column":7}},"351":{"start":{"line":352,"column":0},"end":{"line":352,"column":21}},"352":{"start":{"line":353,"column":0},"end":{"line":353,"column":45}},"353":{"start":{"line":354,"column":0},"end":{"line":354,"column":93}},"354":{"start":{"line":355,"column":0},"end":{"line":355,"column":20}},"355":{"start":{"line":356,"column":0},"end":{"line":356,"column":8}},"356":{"start":{"line":357,"column":0},"end":{"line":357,"column":7}},"357":{"start":{"line":358,"column":0},"end":{"line":358,"column":21}},"358":{"start":{"line":359,"column":0},"end":{"line":359,"column":41}},"359":{"start":{"line":360,"column":0},"end":{"line":360,"column":99}},"360":{"start":{"line":361,"column":0},"end":{"line":361,"column":20}},"361":{"start":{"line":362,"column":0},"end":{"line":362,"column":8}},"362":{"start":{"line":363,"column":0},"end":{"line":363,"column":7}},"363":{"start":{"line":364,"column":0},"end":{"line":364,"column":21}},"364":{"start":{"line":365,"column":0},"end":{"line":365,"column":37}},"365":{"start":{"line":366,"column":0},"end":{"line":366,"column":94}},"366":{"start":{"line":367,"column":0},"end":{"line":367,"column":20}},"367":{"start":{"line":368,"column":0},"end":{"line":368,"column":8}},"368":{"start":{"line":369,"column":0},"end":{"line":369,"column":7}},"369":{"start":{"line":370,"column":0},"end":{"line":370,"column":21}},"370":{"start":{"line":371,"column":0},"end":{"line":371,"column":32}},"371":{"start":{"line":372,"column":0},"end":{"line":372,"column":19}},"372":{"start":{"line":373,"column":0},"end":{"line":373,"column":96}},"373":{"start":{"line":374,"column":0},"end":{"line":374,"column":20}},"374":{"start":{"line":375,"column":0},"end":{"line":375,"column":8}},"375":{"start":{"line":376,"column":0},"end":{"line":376,"column":7}},"376":{"start":{"line":377,"column":0},"end":{"line":377,"column":21}},"377":{"start":{"line":378,"column":0},"end":{"line":378,"column":37}},"378":{"start":{"line":379,"column":0},"end":{"line":379,"column":96}},"379":{"start":{"line":380,"column":0},"end":{"line":380,"column":20}},"380":{"start":{"line":381,"column":0},"end":{"line":381,"column":8}},"381":{"start":{"line":382,"column":0},"end":{"line":382,"column":7}},"382":{"start":{"line":383,"column":0},"end":{"line":383,"column":21}},"383":{"start":{"line":384,"column":0},"end":{"line":384,"column":43}},"384":{"start":{"line":385,"column":0},"end":{"line":385,"column":97}},"385":{"start":{"line":386,"column":0},"end":{"line":386,"column":20}},"386":{"start":{"line":387,"column":0},"end":{"line":387,"column":8}},"387":{"start":{"line":388,"column":0},"end":{"line":388,"column":7}},"388":{"start":{"line":389,"column":0},"end":{"line":389,"column":21}},"389":{"start":{"line":390,"column":0},"end":{"line":390,"column":46}},"390":{"start":{"line":391,"column":0},"end":{"line":391,"column":19}},"391":{"start":{"line":392,"column":0},"end":{"line":392,"column":92}},"392":{"start":{"line":393,"column":0},"end":{"line":393,"column":20}},"393":{"start":{"line":394,"column":0},"end":{"line":394,"column":8}},"394":{"start":{"line":395,"column":0},"end":{"line":395,"column":7}},"395":{"start":{"line":396,"column":0},"end":{"line":396,"column":21}},"396":{"start":{"line":397,"column":0},"end":{"line":397,"column":35}},"397":{"start":{"line":398,"column":0},"end":{"line":398,"column":89}},"398":{"start":{"line":399,"column":0},"end":{"line":399,"column":20}},"399":{"start":{"line":400,"column":0},"end":{"line":400,"column":8}},"400":{"start":{"line":401,"column":0},"end":{"line":401,"column":7}},"401":{"start":{"line":402,"column":0},"end":{"line":402,"column":21}},"402":{"start":{"line":403,"column":0},"end":{"line":403,"column":40}},"403":{"start":{"line":404,"column":0},"end":{"line":404,"column":87}},"404":{"start":{"line":405,"column":0},"end":{"line":405,"column":20}},"405":{"start":{"line":406,"column":0},"end":{"line":406,"column":8}},"406":{"start":{"line":407,"column":0},"end":{"line":407,"column":7}},"407":{"start":{"line":408,"column":0},"end":{"line":408,"column":21}},"408":{"start":{"line":409,"column":0},"end":{"line":409,"column":37}},"409":{"start":{"line":410,"column":0},"end":{"line":410,"column":19}},"410":{"start":{"line":411,"column":0},"end":{"line":411,"column":93}},"411":{"start":{"line":412,"column":0},"end":{"line":412,"column":20}},"412":{"start":{"line":413,"column":0},"end":{"line":413,"column":8}},"413":{"start":{"line":414,"column":0},"end":{"line":414,"column":6}},"414":{"start":{"line":415,"column":0},"end":{"line":415,"column":4}},"415":{"start":{"line":416,"column":0},"end":{"line":416,"column":7}},"416":{"start":{"line":417,"column":0},"end":{"line":417,"column":14}},"417":{"start":{"line":418,"column":0},"end":{"line":418,"column":26}},"418":{"start":{"line":419,"column":0},"end":{"line":419,"column":65}},"419":{"start":{"line":420,"column":0},"end":{"line":420,"column":13}},"420":{"start":{"line":421,"column":0},"end":{"line":421,"column":7}},"421":{"start":{"line":422,"column":0},"end":{"line":422,"column":20}},"422":{"start":{"line":423,"column":0},"end":{"line":423,"column":45}},"423":{"start":{"line":424,"column":0},"end":{"line":424,"column":89}},"424":{"start":{"line":425,"column":0},"end":{"line":425,"column":20}},"425":{"start":{"line":426,"column":0},"end":{"line":426,"column":8}},"426":{"start":{"line":427,"column":0},"end":{"line":427,"column":7}},"427":{"start":{"line":428,"column":0},"end":{"line":428,"column":20}},"428":{"start":{"line":429,"column":0},"end":{"line":429,"column":30}},"429":{"start":{"line":430,"column":0},"end":{"line":430,"column":19}},"430":{"start":{"line":431,"column":0},"end":{"line":431,"column":98}},"431":{"start":{"line":432,"column":0},"end":{"line":432,"column":20}},"432":{"start":{"line":433,"column":0},"end":{"line":433,"column":8}},"433":{"start":{"line":434,"column":0},"end":{"line":434,"column":7}},"434":{"start":{"line":435,"column":0},"end":{"line":435,"column":20}},"435":{"start":{"line":436,"column":0},"end":{"line":436,"column":31}},"436":{"start":{"line":437,"column":0},"end":{"line":437,"column":96}},"437":{"start":{"line":438,"column":0},"end":{"line":438,"column":20}},"438":{"start":{"line":439,"column":0},"end":{"line":439,"column":8}},"439":{"start":{"line":440,"column":0},"end":{"line":440,"column":7}},"440":{"start":{"line":441,"column":0},"end":{"line":441,"column":20}},"441":{"start":{"line":442,"column":0},"end":{"line":442,"column":34}},"442":{"start":{"line":443,"column":0},"end":{"line":443,"column":84}},"443":{"start":{"line":444,"column":0},"end":{"line":444,"column":20}},"444":{"start":{"line":445,"column":0},"end":{"line":445,"column":8}},"445":{"start":{"line":446,"column":0},"end":{"line":446,"column":7}},"446":{"start":{"line":447,"column":0},"end":{"line":447,"column":20}},"447":{"start":{"line":448,"column":0},"end":{"line":448,"column":38}},"448":{"start":{"line":449,"column":0},"end":{"line":449,"column":95}},"449":{"start":{"line":450,"column":0},"end":{"line":450,"column":20}},"450":{"start":{"line":451,"column":0},"end":{"line":451,"column":8}},"451":{"start":{"line":452,"column":0},"end":{"line":452,"column":7}},"452":{"start":{"line":453,"column":0},"end":{"line":453,"column":20}},"453":{"start":{"line":454,"column":0},"end":{"line":454,"column":40}},"454":{"start":{"line":455,"column":0},"end":{"line":455,"column":96}},"455":{"start":{"line":456,"column":0},"end":{"line":456,"column":20}},"456":{"start":{"line":457,"column":0},"end":{"line":457,"column":8}},"457":{"start":{"line":458,"column":0},"end":{"line":458,"column":7}},"458":{"start":{"line":459,"column":0},"end":{"line":459,"column":20}},"459":{"start":{"line":460,"column":0},"end":{"line":460,"column":45}},"460":{"start":{"line":461,"column":0},"end":{"line":461,"column":91}},"461":{"start":{"line":462,"column":0},"end":{"line":462,"column":20}},"462":{"start":{"line":463,"column":0},"end":{"line":463,"column":8}},"463":{"start":{"line":464,"column":0},"end":{"line":464,"column":7}},"464":{"start":{"line":465,"column":0},"end":{"line":465,"column":20}},"465":{"start":{"line":466,"column":0},"end":{"line":466,"column":41}},"466":{"start":{"line":467,"column":0},"end":{"line":467,"column":19}},"467":{"start":{"line":468,"column":0},"end":{"line":468,"column":100}},"468":{"start":{"line":469,"column":0},"end":{"line":469,"column":20}},"469":{"start":{"line":470,"column":0},"end":{"line":470,"column":8}},"470":{"start":{"line":471,"column":0},"end":{"line":471,"column":7}},"471":{"start":{"line":472,"column":0},"end":{"line":472,"column":20}},"472":{"start":{"line":473,"column":0},"end":{"line":473,"column":34}},"473":{"start":{"line":474,"column":0},"end":{"line":474,"column":99}},"474":{"start":{"line":475,"column":0},"end":{"line":475,"column":20}},"475":{"start":{"line":476,"column":0},"end":{"line":476,"column":8}},"476":{"start":{"line":477,"column":0},"end":{"line":477,"column":7}},"477":{"start":{"line":478,"column":0},"end":{"line":478,"column":21}},"478":{"start":{"line":479,"column":0},"end":{"line":479,"column":38}},"479":{"start":{"line":480,"column":0},"end":{"line":480,"column":95}},"480":{"start":{"line":481,"column":0},"end":{"line":481,"column":20}},"481":{"start":{"line":482,"column":0},"end":{"line":482,"column":8}},"482":{"start":{"line":483,"column":0},"end":{"line":483,"column":7}},"483":{"start":{"line":484,"column":0},"end":{"line":484,"column":21}},"484":{"start":{"line":485,"column":0},"end":{"line":485,"column":35}},"485":{"start":{"line":486,"column":0},"end":{"line":486,"column":19}},"486":{"start":{"line":487,"column":0},"end":{"line":487,"column":93}},"487":{"start":{"line":488,"column":0},"end":{"line":488,"column":20}},"488":{"start":{"line":489,"column":0},"end":{"line":489,"column":8}},"489":{"start":{"line":490,"column":0},"end":{"line":490,"column":7}},"490":{"start":{"line":491,"column":0},"end":{"line":491,"column":21}},"491":{"start":{"line":492,"column":0},"end":{"line":492,"column":37}},"492":{"start":{"line":493,"column":0},"end":{"line":493,"column":91}},"493":{"start":{"line":494,"column":0},"end":{"line":494,"column":20}},"494":{"start":{"line":495,"column":0},"end":{"line":495,"column":8}},"495":{"start":{"line":496,"column":0},"end":{"line":496,"column":7}},"496":{"start":{"line":497,"column":0},"end":{"line":497,"column":21}},"497":{"start":{"line":498,"column":0},"end":{"line":498,"column":45}},"498":{"start":{"line":499,"column":0},"end":{"line":499,"column":19}},"499":{"start":{"line":500,"column":0},"end":{"line":500,"column":100}},"500":{"start":{"line":501,"column":0},"end":{"line":501,"column":20}},"501":{"start":{"line":502,"column":0},"end":{"line":502,"column":8}},"502":{"start":{"line":503,"column":0},"end":{"line":503,"column":7}},"503":{"start":{"line":504,"column":0},"end":{"line":504,"column":21}},"504":{"start":{"line":505,"column":0},"end":{"line":505,"column":45}},"505":{"start":{"line":506,"column":0},"end":{"line":506,"column":87}},"506":{"start":{"line":507,"column":0},"end":{"line":507,"column":20}},"507":{"start":{"line":508,"column":0},"end":{"line":508,"column":8}},"508":{"start":{"line":509,"column":0},"end":{"line":509,"column":7}},"509":{"start":{"line":510,"column":0},"end":{"line":510,"column":21}},"510":{"start":{"line":511,"column":0},"end":{"line":511,"column":40}},"511":{"start":{"line":512,"column":0},"end":{"line":512,"column":76}},"512":{"start":{"line":513,"column":0},"end":{"line":513,"column":20}},"513":{"start":{"line":514,"column":0},"end":{"line":514,"column":8}},"514":{"start":{"line":515,"column":0},"end":{"line":515,"column":7}},"515":{"start":{"line":516,"column":0},"end":{"line":516,"column":21}},"516":{"start":{"line":517,"column":0},"end":{"line":517,"column":42}},"517":{"start":{"line":518,"column":0},"end":{"line":518,"column":72}},"518":{"start":{"line":519,"column":0},"end":{"line":519,"column":20}},"519":{"start":{"line":520,"column":0},"end":{"line":520,"column":8}},"520":{"start":{"line":521,"column":0},"end":{"line":521,"column":7}},"521":{"start":{"line":522,"column":0},"end":{"line":522,"column":21}},"522":{"start":{"line":523,"column":0},"end":{"line":523,"column":34}},"523":{"start":{"line":524,"column":0},"end":{"line":524,"column":95}},"524":{"start":{"line":525,"column":0},"end":{"line":525,"column":20}},"525":{"start":{"line":526,"column":0},"end":{"line":526,"column":8}},"526":{"start":{"line":527,"column":0},"end":{"line":527,"column":7}},"527":{"start":{"line":528,"column":0},"end":{"line":528,"column":21}},"528":{"start":{"line":529,"column":0},"end":{"line":529,"column":39}},"529":{"start":{"line":530,"column":0},"end":{"line":530,"column":97}},"530":{"start":{"line":531,"column":0},"end":{"line":531,"column":20}},"531":{"start":{"line":532,"column":0},"end":{"line":532,"column":8}},"532":{"start":{"line":533,"column":0},"end":{"line":533,"column":7}},"533":{"start":{"line":534,"column":0},"end":{"line":534,"column":21}},"534":{"start":{"line":535,"column":0},"end":{"line":535,"column":40}},"535":{"start":{"line":536,"column":0},"end":{"line":536,"column":19}},"536":{"start":{"line":537,"column":0},"end":{"line":537,"column":91}},"537":{"start":{"line":538,"column":0},"end":{"line":538,"column":20}},"538":{"start":{"line":539,"column":0},"end":{"line":539,"column":8}},"539":{"start":{"line":540,"column":0},"end":{"line":540,"column":7}},"540":{"start":{"line":541,"column":0},"end":{"line":541,"column":21}},"541":{"start":{"line":542,"column":0},"end":{"line":542,"column":38}},"542":{"start":{"line":543,"column":0},"end":{"line":543,"column":100}},"543":{"start":{"line":544,"column":0},"end":{"line":544,"column":20}},"544":{"start":{"line":545,"column":0},"end":{"line":545,"column":8}},"545":{"start":{"line":546,"column":0},"end":{"line":546,"column":6}},"546":{"start":{"line":547,"column":0},"end":{"line":547,"column":4}},"547":{"start":{"line":548,"column":0},"end":{"line":548,"column":7}},"548":{"start":{"line":549,"column":0},"end":{"line":549,"column":14}},"549":{"start":{"line":550,"column":0},"end":{"line":550,"column":22}},"550":{"start":{"line":551,"column":0},"end":{"line":551,"column":79}},"551":{"start":{"line":552,"column":0},"end":{"line":552,"column":13}},"552":{"start":{"line":553,"column":0},"end":{"line":553,"column":7}},"553":{"start":{"line":554,"column":0},"end":{"line":554,"column":20}},"554":{"start":{"line":555,"column":0},"end":{"line":555,"column":47}},"555":{"start":{"line":556,"column":0},"end":{"line":556,"column":87}},"556":{"start":{"line":557,"column":0},"end":{"line":557,"column":20}},"557":{"start":{"line":558,"column":0},"end":{"line":558,"column":8}},"558":{"start":{"line":559,"column":0},"end":{"line":559,"column":7}},"559":{"start":{"line":560,"column":0},"end":{"line":560,"column":20}},"560":{"start":{"line":561,"column":0},"end":{"line":561,"column":31}},"561":{"start":{"line":562,"column":0},"end":{"line":562,"column":85}},"562":{"start":{"line":563,"column":0},"end":{"line":563,"column":20}},"563":{"start":{"line":564,"column":0},"end":{"line":564,"column":8}},"564":{"start":{"line":565,"column":0},"end":{"line":565,"column":7}},"565":{"start":{"line":566,"column":0},"end":{"line":566,"column":20}},"566":{"start":{"line":567,"column":0},"end":{"line":567,"column":47}},"567":{"start":{"line":568,"column":0},"end":{"line":568,"column":88}},"568":{"start":{"line":569,"column":0},"end":{"line":569,"column":20}},"569":{"start":{"line":570,"column":0},"end":{"line":570,"column":8}},"570":{"start":{"line":571,"column":0},"end":{"line":571,"column":7}},"571":{"start":{"line":572,"column":0},"end":{"line":572,"column":20}},"572":{"start":{"line":573,"column":0},"end":{"line":573,"column":34}},"573":{"start":{"line":574,"column":0},"end":{"line":574,"column":97}},"574":{"start":{"line":575,"column":0},"end":{"line":575,"column":20}},"575":{"start":{"line":576,"column":0},"end":{"line":576,"column":8}},"576":{"start":{"line":577,"column":0},"end":{"line":577,"column":7}},"577":{"start":{"line":578,"column":0},"end":{"line":578,"column":20}},"578":{"start":{"line":579,"column":0},"end":{"line":579,"column":34}},"579":{"start":{"line":580,"column":0},"end":{"line":580,"column":88}},"580":{"start":{"line":581,"column":0},"end":{"line":581,"column":20}},"581":{"start":{"line":582,"column":0},"end":{"line":582,"column":8}},"582":{"start":{"line":583,"column":0},"end":{"line":583,"column":7}},"583":{"start":{"line":584,"column":0},"end":{"line":584,"column":20}},"584":{"start":{"line":585,"column":0},"end":{"line":585,"column":34}},"585":{"start":{"line":586,"column":0},"end":{"line":586,"column":84}},"586":{"start":{"line":587,"column":0},"end":{"line":587,"column":20}},"587":{"start":{"line":588,"column":0},"end":{"line":588,"column":8}},"588":{"start":{"line":589,"column":0},"end":{"line":589,"column":7}},"589":{"start":{"line":590,"column":0},"end":{"line":590,"column":20}},"590":{"start":{"line":591,"column":0},"end":{"line":591,"column":39}},"591":{"start":{"line":592,"column":0},"end":{"line":592,"column":81}},"592":{"start":{"line":593,"column":0},"end":{"line":593,"column":20}},"593":{"start":{"line":594,"column":0},"end":{"line":594,"column":8}},"594":{"start":{"line":595,"column":0},"end":{"line":595,"column":7}},"595":{"start":{"line":596,"column":0},"end":{"line":596,"column":20}},"596":{"start":{"line":597,"column":0},"end":{"line":597,"column":30}},"597":{"start":{"line":598,"column":0},"end":{"line":598,"column":19}},"598":{"start":{"line":599,"column":0},"end":{"line":599,"column":94}},"599":{"start":{"line":600,"column":0},"end":{"line":600,"column":20}},"600":{"start":{"line":601,"column":0},"end":{"line":601,"column":8}},"601":{"start":{"line":602,"column":0},"end":{"line":602,"column":7}},"602":{"start":{"line":603,"column":0},"end":{"line":603,"column":20}},"603":{"start":{"line":604,"column":0},"end":{"line":604,"column":38}},"604":{"start":{"line":605,"column":0},"end":{"line":605,"column":92}},"605":{"start":{"line":606,"column":0},"end":{"line":606,"column":20}},"606":{"start":{"line":607,"column":0},"end":{"line":607,"column":8}},"607":{"start":{"line":608,"column":0},"end":{"line":608,"column":7}},"608":{"start":{"line":609,"column":0},"end":{"line":609,"column":21}},"609":{"start":{"line":610,"column":0},"end":{"line":610,"column":35}},"610":{"start":{"line":611,"column":0},"end":{"line":611,"column":86}},"611":{"start":{"line":612,"column":0},"end":{"line":612,"column":20}},"612":{"start":{"line":613,"column":0},"end":{"line":613,"column":8}},"613":{"start":{"line":614,"column":0},"end":{"line":614,"column":7}},"614":{"start":{"line":615,"column":0},"end":{"line":615,"column":21}},"615":{"start":{"line":616,"column":0},"end":{"line":616,"column":34}},"616":{"start":{"line":617,"column":0},"end":{"line":617,"column":100}},"617":{"start":{"line":618,"column":0},"end":{"line":618,"column":20}},"618":{"start":{"line":619,"column":0},"end":{"line":619,"column":8}},"619":{"start":{"line":620,"column":0},"end":{"line":620,"column":7}},"620":{"start":{"line":621,"column":0},"end":{"line":621,"column":21}},"621":{"start":{"line":622,"column":0},"end":{"line":622,"column":46}},"622":{"start":{"line":623,"column":0},"end":{"line":623,"column":100}},"623":{"start":{"line":624,"column":0},"end":{"line":624,"column":20}},"624":{"start":{"line":625,"column":0},"end":{"line":625,"column":8}},"625":{"start":{"line":626,"column":0},"end":{"line":626,"column":7}},"626":{"start":{"line":627,"column":0},"end":{"line":627,"column":21}},"627":{"start":{"line":628,"column":0},"end":{"line":628,"column":43}},"628":{"start":{"line":629,"column":0},"end":{"line":629,"column":19}},"629":{"start":{"line":630,"column":0},"end":{"line":630,"column":103}},"630":{"start":{"line":631,"column":0},"end":{"line":631,"column":20}},"631":{"start":{"line":632,"column":0},"end":{"line":632,"column":8}},"632":{"start":{"line":633,"column":0},"end":{"line":633,"column":7}},"633":{"start":{"line":634,"column":0},"end":{"line":634,"column":21}},"634":{"start":{"line":635,"column":0},"end":{"line":635,"column":32}},"635":{"start":{"line":636,"column":0},"end":{"line":636,"column":95}},"636":{"start":{"line":637,"column":0},"end":{"line":637,"column":20}},"637":{"start":{"line":638,"column":0},"end":{"line":638,"column":8}},"638":{"start":{"line":639,"column":0},"end":{"line":639,"column":7}},"639":{"start":{"line":640,"column":0},"end":{"line":640,"column":21}},"640":{"start":{"line":641,"column":0},"end":{"line":641,"column":47}},"641":{"start":{"line":642,"column":0},"end":{"line":642,"column":91}},"642":{"start":{"line":643,"column":0},"end":{"line":643,"column":20}},"643":{"start":{"line":644,"column":0},"end":{"line":644,"column":8}},"644":{"start":{"line":645,"column":0},"end":{"line":645,"column":7}},"645":{"start":{"line":646,"column":0},"end":{"line":646,"column":21}},"646":{"start":{"line":647,"column":0},"end":{"line":647,"column":47}},"647":{"start":{"line":648,"column":0},"end":{"line":648,"column":82}},"648":{"start":{"line":649,"column":0},"end":{"line":649,"column":20}},"649":{"start":{"line":650,"column":0},"end":{"line":650,"column":8}},"650":{"start":{"line":651,"column":0},"end":{"line":651,"column":7}},"651":{"start":{"line":652,"column":0},"end":{"line":652,"column":21}},"652":{"start":{"line":653,"column":0},"end":{"line":653,"column":34}},"653":{"start":{"line":654,"column":0},"end":{"line":654,"column":91}},"654":{"start":{"line":655,"column":0},"end":{"line":655,"column":20}},"655":{"start":{"line":656,"column":0},"end":{"line":656,"column":8}},"656":{"start":{"line":657,"column":0},"end":{"line":657,"column":7}},"657":{"start":{"line":658,"column":0},"end":{"line":658,"column":21}},"658":{"start":{"line":659,"column":0},"end":{"line":659,"column":45}},"659":{"start":{"line":660,"column":0},"end":{"line":660,"column":84}},"660":{"start":{"line":661,"column":0},"end":{"line":661,"column":20}},"661":{"start":{"line":662,"column":0},"end":{"line":662,"column":8}},"662":{"start":{"line":663,"column":0},"end":{"line":663,"column":7}},"663":{"start":{"line":664,"column":0},"end":{"line":664,"column":21}},"664":{"start":{"line":665,"column":0},"end":{"line":665,"column":30}},"665":{"start":{"line":666,"column":0},"end":{"line":666,"column":97}},"666":{"start":{"line":667,"column":0},"end":{"line":667,"column":20}},"667":{"start":{"line":668,"column":0},"end":{"line":668,"column":8}},"668":{"start":{"line":669,"column":0},"end":{"line":669,"column":7}},"669":{"start":{"line":670,"column":0},"end":{"line":670,"column":21}},"670":{"start":{"line":671,"column":0},"end":{"line":671,"column":61}},"671":{"start":{"line":672,"column":0},"end":{"line":672,"column":82}},"672":{"start":{"line":673,"column":0},"end":{"line":673,"column":20}},"673":{"start":{"line":674,"column":0},"end":{"line":674,"column":8}},"674":{"start":{"line":675,"column":0},"end":{"line":675,"column":6}},"675":{"start":{"line":676,"column":0},"end":{"line":676,"column":4}},"676":{"start":{"line":677,"column":0},"end":{"line":677,"column":7}},"677":{"start":{"line":678,"column":0},"end":{"line":678,"column":14}},"678":{"start":{"line":679,"column":0},"end":{"line":679,"column":25}},"679":{"start":{"line":680,"column":0},"end":{"line":680,"column":87}},"680":{"start":{"line":681,"column":0},"end":{"line":681,"column":13}},"681":{"start":{"line":682,"column":0},"end":{"line":682,"column":7}},"682":{"start":{"line":683,"column":0},"end":{"line":683,"column":20}},"683":{"start":{"line":684,"column":0},"end":{"line":684,"column":32}},"684":{"start":{"line":685,"column":0},"end":{"line":685,"column":19}},"685":{"start":{"line":686,"column":0},"end":{"line":686,"column":94}},"686":{"start":{"line":687,"column":0},"end":{"line":687,"column":20}},"687":{"start":{"line":688,"column":0},"end":{"line":688,"column":8}},"688":{"start":{"line":689,"column":0},"end":{"line":689,"column":7}},"689":{"start":{"line":690,"column":0},"end":{"line":690,"column":20}},"690":{"start":{"line":691,"column":0},"end":{"line":691,"column":34}},"691":{"start":{"line":692,"column":0},"end":{"line":692,"column":95}},"692":{"start":{"line":693,"column":0},"end":{"line":693,"column":20}},"693":{"start":{"line":694,"column":0},"end":{"line":694,"column":8}},"694":{"start":{"line":695,"column":0},"end":{"line":695,"column":7}},"695":{"start":{"line":696,"column":0},"end":{"line":696,"column":20}},"696":{"start":{"line":697,"column":0},"end":{"line":697,"column":31}},"697":{"start":{"line":698,"column":0},"end":{"line":698,"column":84}},"698":{"start":{"line":699,"column":0},"end":{"line":699,"column":20}},"699":{"start":{"line":700,"column":0},"end":{"line":700,"column":8}},"700":{"start":{"line":701,"column":0},"end":{"line":701,"column":7}},"701":{"start":{"line":702,"column":0},"end":{"line":702,"column":20}},"702":{"start":{"line":703,"column":0},"end":{"line":703,"column":34}},"703":{"start":{"line":704,"column":0},"end":{"line":704,"column":83}},"704":{"start":{"line":705,"column":0},"end":{"line":705,"column":20}},"705":{"start":{"line":706,"column":0},"end":{"line":706,"column":8}},"706":{"start":{"line":707,"column":0},"end":{"line":707,"column":7}},"707":{"start":{"line":708,"column":0},"end":{"line":708,"column":20}},"708":{"start":{"line":709,"column":0},"end":{"line":709,"column":35}},"709":{"start":{"line":710,"column":0},"end":{"line":710,"column":84}},"710":{"start":{"line":711,"column":0},"end":{"line":711,"column":20}},"711":{"start":{"line":712,"column":0},"end":{"line":712,"column":8}},"712":{"start":{"line":713,"column":0},"end":{"line":713,"column":7}},"713":{"start":{"line":714,"column":0},"end":{"line":714,"column":20}},"714":{"start":{"line":715,"column":0},"end":{"line":715,"column":43}},"715":{"start":{"line":716,"column":0},"end":{"line":716,"column":86}},"716":{"start":{"line":717,"column":0},"end":{"line":717,"column":20}},"717":{"start":{"line":718,"column":0},"end":{"line":718,"column":8}},"718":{"start":{"line":719,"column":0},"end":{"line":719,"column":7}},"719":{"start":{"line":720,"column":0},"end":{"line":720,"column":20}},"720":{"start":{"line":721,"column":0},"end":{"line":721,"column":32}},"721":{"start":{"line":722,"column":0},"end":{"line":722,"column":19}},"722":{"start":{"line":723,"column":0},"end":{"line":723,"column":102}},"723":{"start":{"line":724,"column":0},"end":{"line":724,"column":20}},"724":{"start":{"line":725,"column":0},"end":{"line":725,"column":8}},"725":{"start":{"line":726,"column":0},"end":{"line":726,"column":7}},"726":{"start":{"line":727,"column":0},"end":{"line":727,"column":20}},"727":{"start":{"line":728,"column":0},"end":{"line":728,"column":48}},"728":{"start":{"line":729,"column":0},"end":{"line":729,"column":19}},"729":{"start":{"line":730,"column":0},"end":{"line":730,"column":97}},"730":{"start":{"line":731,"column":0},"end":{"line":731,"column":20}},"731":{"start":{"line":732,"column":0},"end":{"line":732,"column":8}},"732":{"start":{"line":733,"column":0},"end":{"line":733,"column":7}},"733":{"start":{"line":734,"column":0},"end":{"line":734,"column":20}},"734":{"start":{"line":735,"column":0},"end":{"line":735,"column":51}},"735":{"start":{"line":736,"column":0},"end":{"line":736,"column":98}},"736":{"start":{"line":737,"column":0},"end":{"line":737,"column":20}},"737":{"start":{"line":738,"column":0},"end":{"line":738,"column":8}},"738":{"start":{"line":739,"column":0},"end":{"line":739,"column":7}},"739":{"start":{"line":740,"column":0},"end":{"line":740,"column":21}},"740":{"start":{"line":741,"column":0},"end":{"line":741,"column":37}},"741":{"start":{"line":742,"column":0},"end":{"line":742,"column":19}},"742":{"start":{"line":743,"column":0},"end":{"line":743,"column":98}},"743":{"start":{"line":744,"column":0},"end":{"line":744,"column":20}},"744":{"start":{"line":745,"column":0},"end":{"line":745,"column":8}},"745":{"start":{"line":746,"column":0},"end":{"line":746,"column":7}},"746":{"start":{"line":747,"column":0},"end":{"line":747,"column":21}},"747":{"start":{"line":748,"column":0},"end":{"line":748,"column":36}},"748":{"start":{"line":749,"column":0},"end":{"line":749,"column":19}},"749":{"start":{"line":750,"column":0},"end":{"line":750,"column":91}},"750":{"start":{"line":751,"column":0},"end":{"line":751,"column":20}},"751":{"start":{"line":752,"column":0},"end":{"line":752,"column":8}},"752":{"start":{"line":753,"column":0},"end":{"line":753,"column":7}},"753":{"start":{"line":754,"column":0},"end":{"line":754,"column":21}},"754":{"start":{"line":755,"column":0},"end":{"line":755,"column":45}},"755":{"start":{"line":756,"column":0},"end":{"line":756,"column":98}},"756":{"start":{"line":757,"column":0},"end":{"line":757,"column":20}},"757":{"start":{"line":758,"column":0},"end":{"line":758,"column":8}},"758":{"start":{"line":759,"column":0},"end":{"line":759,"column":7}},"759":{"start":{"line":760,"column":0},"end":{"line":760,"column":21}},"760":{"start":{"line":761,"column":0},"end":{"line":761,"column":39}},"761":{"start":{"line":762,"column":0},"end":{"line":762,"column":19}},"762":{"start":{"line":763,"column":0},"end":{"line":763,"column":95}},"763":{"start":{"line":764,"column":0},"end":{"line":764,"column":20}},"764":{"start":{"line":765,"column":0},"end":{"line":765,"column":8}},"765":{"start":{"line":766,"column":0},"end":{"line":766,"column":7}},"766":{"start":{"line":767,"column":0},"end":{"line":767,"column":21}},"767":{"start":{"line":768,"column":0},"end":{"line":768,"column":46}},"768":{"start":{"line":769,"column":0},"end":{"line":769,"column":83}},"769":{"start":{"line":770,"column":0},"end":{"line":770,"column":20}},"770":{"start":{"line":771,"column":0},"end":{"line":771,"column":8}},"771":{"start":{"line":772,"column":0},"end":{"line":772,"column":7}},"772":{"start":{"line":773,"column":0},"end":{"line":773,"column":21}},"773":{"start":{"line":774,"column":0},"end":{"line":774,"column":38}},"774":{"start":{"line":775,"column":0},"end":{"line":775,"column":19}},"775":{"start":{"line":776,"column":0},"end":{"line":776,"column":91}},"776":{"start":{"line":777,"column":0},"end":{"line":777,"column":20}},"777":{"start":{"line":778,"column":0},"end":{"line":778,"column":8}},"778":{"start":{"line":779,"column":0},"end":{"line":779,"column":7}},"779":{"start":{"line":780,"column":0},"end":{"line":780,"column":21}},"780":{"start":{"line":781,"column":0},"end":{"line":781,"column":35}},"781":{"start":{"line":782,"column":0},"end":{"line":782,"column":19}},"782":{"start":{"line":783,"column":0},"end":{"line":783,"column":92}},"783":{"start":{"line":784,"column":0},"end":{"line":784,"column":20}},"784":{"start":{"line":785,"column":0},"end":{"line":785,"column":8}},"785":{"start":{"line":786,"column":0},"end":{"line":786,"column":7}},"786":{"start":{"line":787,"column":0},"end":{"line":787,"column":21}},"787":{"start":{"line":788,"column":0},"end":{"line":788,"column":33}},"788":{"start":{"line":789,"column":0},"end":{"line":789,"column":19}},"789":{"start":{"line":790,"column":0},"end":{"line":790,"column":97}},"790":{"start":{"line":791,"column":0},"end":{"line":791,"column":20}},"791":{"start":{"line":792,"column":0},"end":{"line":792,"column":8}},"792":{"start":{"line":793,"column":0},"end":{"line":793,"column":7}},"793":{"start":{"line":794,"column":0},"end":{"line":794,"column":21}},"794":{"start":{"line":795,"column":0},"end":{"line":795,"column":40}},"795":{"start":{"line":796,"column":0},"end":{"line":796,"column":19}},"796":{"start":{"line":797,"column":0},"end":{"line":797,"column":94}},"797":{"start":{"line":798,"column":0},"end":{"line":798,"column":20}},"798":{"start":{"line":799,"column":0},"end":{"line":799,"column":8}},"799":{"start":{"line":800,"column":0},"end":{"line":800,"column":7}},"800":{"start":{"line":801,"column":0},"end":{"line":801,"column":21}},"801":{"start":{"line":802,"column":0},"end":{"line":802,"column":37}},"802":{"start":{"line":803,"column":0},"end":{"line":803,"column":96}},"803":{"start":{"line":804,"column":0},"end":{"line":804,"column":20}},"804":{"start":{"line":805,"column":0},"end":{"line":805,"column":8}},"805":{"start":{"line":806,"column":0},"end":{"line":806,"column":7}},"806":{"start":{"line":807,"column":0},"end":{"line":807,"column":21}},"807":{"start":{"line":808,"column":0},"end":{"line":808,"column":48}},"808":{"start":{"line":809,"column":0},"end":{"line":809,"column":94}},"809":{"start":{"line":810,"column":0},"end":{"line":810,"column":20}},"810":{"start":{"line":811,"column":0},"end":{"line":811,"column":8}},"811":{"start":{"line":812,"column":0},"end":{"line":812,"column":6}},"812":{"start":{"line":813,"column":0},"end":{"line":813,"column":4}},"813":{"start":{"line":814,"column":0},"end":{"line":814,"column":2}},"815":{"start":{"line":816,"column":0},"end":{"line":816,"column":33}},"816":{"start":{"line":817,"column":0},"end":{"line":817,"column":99}},"817":{"start":{"line":818,"column":0},"end":{"line":818,"column":3}},"818":{"start":{"line":819,"column":0},"end":{"line":819,"column":46}},"819":{"start":{"line":820,"column":0},"end":{"line":820,"column":28}},"820":{"start":{"line":821,"column":0},"end":{"line":821,"column":37}},"821":{"start":{"line":822,"column":0},"end":{"line":822,"column":4}},"822":{"start":{"line":823,"column":0},"end":{"line":823,"column":3}},"823":{"start":{"line":824,"column":0},"end":{"line":824,"column":41}},"824":{"start":{"line":825,"column":0},"end":{"line":825,"column":28}},"825":{"start":{"line":826,"column":0},"end":{"line":826,"column":37}},"826":{"start":{"line":827,"column":0},"end":{"line":827,"column":4}},"827":{"start":{"line":828,"column":0},"end":{"line":828,"column":3}},"828":{"start":{"line":829,"column":0},"end":{"line":829,"column":44}},"829":{"start":{"line":830,"column":0},"end":{"line":830,"column":28}},"830":{"start":{"line":831,"column":0},"end":{"line":831,"column":37}},"831":{"start":{"line":832,"column":0},"end":{"line":832,"column":4}},"832":{"start":{"line":833,"column":0},"end":{"line":833,"column":3}},"833":{"start":{"line":834,"column":0},"end":{"line":834,"column":44}},"834":{"start":{"line":835,"column":0},"end":{"line":835,"column":28}},"835":{"start":{"line":836,"column":0},"end":{"line":836,"column":37}},"836":{"start":{"line":837,"column":0},"end":{"line":837,"column":4}},"837":{"start":{"line":838,"column":0},"end":{"line":838,"column":3}},"838":{"start":{"line":839,"column":0},"end":{"line":839,"column":51}},"839":{"start":{"line":840,"column":0},"end":{"line":840,"column":28}},"840":{"start":{"line":841,"column":0},"end":{"line":841,"column":38}},"841":{"start":{"line":842,"column":0},"end":{"line":842,"column":4}},"842":{"start":{"line":843,"column":0},"end":{"line":843,"column":2}},"844":{"start":{"line":845,"column":0},"end":{"line":845,"column":47}},"845":{"start":{"line":846,"column":0},"end":{"line":846,"column":65}},"846":{"start":{"line":847,"column":0},"end":{"line":847,"column":1}},"848":{"start":{"line":849,"column":0},"end":{"line":849,"column":80}},"849":{"start":{"line":850,"column":0},"end":{"line":850,"column":35}},"850":{"start":{"line":851,"column":0},"end":{"line":851,"column":44}},"851":{"start":{"line":852,"column":0},"end":{"line":852,"column":73}},"853":{"start":{"line":854,"column":0},"end":{"line":854,"column":15}},"854":{"start":{"line":855,"column":0},"end":{"line":855,"column":82}},"855":{"start":{"line":856,"column":0},"end":{"line":856,"column":3}},"857":{"start":{"line":858,"column":0},"end":{"line":858,"column":19}},"858":{"start":{"line":859,"column":0},"end":{"line":859,"column":1}},"860":{"start":{"line":861,"column":0},"end":{"line":861,"column":39}},"861":{"start":{"line":862,"column":0},"end":{"line":862,"column":25}},"862":{"start":{"line":863,"column":0},"end":{"line":863,"column":40}},"863":{"start":{"line":864,"column":0},"end":{"line":864,"column":54}},"865":{"start":{"line":866,"column":0},"end":{"line":866,"column":24}},"866":{"start":{"line":867,"column":0},"end":{"line":867,"column":74}},"867":{"start":{"line":868,"column":0},"end":{"line":868,"column":3}},"869":{"start":{"line":870,"column":0},"end":{"line":870,"column":28}},"870":{"start":{"line":871,"column":0},"end":{"line":871,"column":1}},"872":{"start":{"line":873,"column":0},"end":{"line":873,"column":81}},"873":{"start":{"line":874,"column":0},"end":{"line":874,"column":41}},"874":{"start":{"line":875,"column":0},"end":{"line":875,"column":40}},"875":{"start":{"line":876,"column":0},"end":{"line":876,"column":10}},"876":{"start":{"line":877,"column":0},"end":{"line":877,"column":50}},"877":{"start":{"line":878,"column":0},"end":{"line":878,"column":50}},"878":{"start":{"line":879,"column":0},"end":{"line":879,"column":53}},"879":{"start":{"line":880,"column":0},"end":{"line":880,"column":4}},"881":{"start":{"line":882,"column":0},"end":{"line":882,"column":21}},"882":{"start":{"line":883,"column":0},"end":{"line":883,"column":1}},"884":{"start":{"line":885,"column":0},"end":{"line":885,"column":91}},"885":{"start":{"line":886,"column":0},"end":{"line":886,"column":71}},"886":{"start":{"line":887,"column":0},"end":{"line":887,"column":20}},"887":{"start":{"line":888,"column":0},"end":{"line":888,"column":1}},"889":{"start":{"line":890,"column":0},"end":{"line":890,"column":42}},"890":{"start":{"line":891,"column":0},"end":{"line":891,"column":39}},"891":{"start":{"line":892,"column":0},"end":{"line":892,"column":39}},"892":{"start":{"line":893,"column":0},"end":{"line":893,"column":59}},"894":{"start":{"line":895,"column":0},"end":{"line":895,"column":15}},"895":{"start":{"line":896,"column":0},"end":{"line":896,"column":88}},"896":{"start":{"line":897,"column":0},"end":{"line":897,"column":3}},"898":{"start":{"line":899,"column":0},"end":{"line":899,"column":26}},"899":{"start":{"line":900,"column":0},"end":{"line":900,"column":1}}},"s":{"0":1,"15":1,"16":1,"17":1,"18":1,"19":1,"20":1,"21":1,"22":1,"23":1,"24":1,"25":1,"26":1,"27":1,"28":1,"29":1,"30":1,"31":1,"32":1,"33":1,"34":1,"35":1,"36":1,"37":1,"38":1,"39":1,"40":1,"41":1,"42":1,"43":1,"44":1,"45":1,"46":1,"47":1,"48":1,"49":1,"50":1,"51":1,"52":1,"53":1,"54":1,"55":1,"56":1,"57":1,"58":1,"59":1,"60":1,"61":1,"62":1,"63":1,"64":1,"65":1,"66":1,"67":1,"68":1,"69":1,"70":1,"71":1,"72":1,"73":1,"74":1,"75":1,"76":1,"77":1,"78":1,"79":1,"80":1,"81":1,"82":1,"83":1,"84":1,"85":1,"86":1,"87":1,"88":1,"89":1,"90":1,"91":1,"92":1,"93":1,"94":1,"95":1,"96":1,"97":1,"98":1,"99":1,"100":1,"101":1,"102":1,"103":1,"104":1,"105":1,"106":1,"107":1,"108":1,"109":1,"110":1,"111":1,"112":1,"113":1,"114":1,"115":1,"116":1,"117":1,"118":1,"119":1,"120":1,"121":1,"122":1,"123":1,"124":1,"125":1,"126":1,"127":1,"128":1,"129":1,"130":1,"131":1,"132":1,"133":1,"134":1,"135":1,"136":1,"137":1,"138":1,"139":1,"140":1,"141":1,"142":1,"143":1,"144":1,"145":1,"146":1,"147":1,"148":1,"149":1,"150":1,"151":1,"152":1,"153":1,"154":1,"155":1,"156":1,"157":1,"158":1,"159":1,"160":1,"161":1,"162":1,"163":1,"164":1,"165":1,"166":1,"167":1,"168":1,"169":1,"170":1,"171":1,"172":1,"173":1,"174":1,"175":1,"176":1,"177":1,"178":1,"179":1,"180":1,"181":1,"182":1,"183":1,"184":1,"185":1,"186":1,"187":1,"188":1,"189":1,"190":1,"191":1,"192":1,"193":1,"194":1,"195":1,"196":1,"197":1,"198":1,"199":1,"200":1,"201":1,"202":1,"203":1,"204":1,"205":1,"206":1,"207":1,"208":1,"209":1,"210":1,"211":1,"212":1,"213":1,"214":1,"215":1,"216":1,"217":1,"218":1,"219":1,"220":1,"221":1,"222":1,"223":1,"224":1,"225":1,"226":1,"227":1,"228":1,"229":1,"230":1,"231":1,"232":1,"233":1,"234":1,"235":1,"236":1,"237":1,"238":1,"239":1,"240":1,"241":1,"242":1,"243":1,"244":1,"245":1,"246":1,"247":1,"248":1,"249":1,"250":1,"251":1,"252":1,"253":1,"254":1,"255":1,"256":1,"257":1,"258":1,"259":1,"260":1,"261":1,"262":1,"263":1,"264":1,"265":1,"266":1,"267":1,"268":1,"269":1,"270":1,"271":1,"272":1,"273":1,"274":1,"275":1,"276":1,"277":1,"278":1,"279":1,"280":1,"281":1,"282":1,"283":1,"284":1,"285":1,"286":1,"287":1,"288":1,"289":1,"290":1,"291":1,"292":1,"293":1,"294":1,"295":1,"296":1,"297":1,"298":1,"299":1,"300":1,"301":1,"302":1,"303":1,"304":1,"305":1,"306":1,"307":1,"308":1,"309":1,"310":1,"311":1,"312":1,"313":1,"314":1,"315":1,"316":1,"317":1,"318":1,"319":1,"320":1,"321":1,"322":1,"323":1,"324":1,"325":1,"326":1,"327":1,"328":1,"329":1,"330":1,"331":1,"332":1,"333":1,"334":1,"335":1,"336":1,"337":1,"338":1,"339":1,"340":1,"341":1,"342":1,"343":1,"344":1,"345":1,"346":1,"347":1,"348":1,"349":1,"350":1,"351":1,"352":1,"353":1,"354":1,"355":1,"356":1,"357":1,"358":1,"359":1,"360":1,"361":1,"362":1,"363":1,"364":1,"365":1,"366":1,"367":1,"368":1,"369":1,"370":1,"371":1,"372":1,"373":1,"374":1,"375":1,"376":1,"377":1,"378":1,"379":1,"380":1,"381":1,"382":1,"383":1,"384":1,"385":1,"386":1,"387":1,"388":1,"389":1,"390":1,"391":1,"392":1,"393":1,"394":1,"395":1,"396":1,"397":1,"398":1,"399":1,"400":1,"401":1,"402":1,"403":1,"404":1,"405":1,"406":1,"407":1,"408":1,"409":1,"410":1,"411":1,"412":1,"413":1,"414":1,"415":1,"416":1,"417":1,"418":1,"419":1,"420":1,"421":1,"422":1,"423":1,"424":1,"425":1,"426":1,"427":1,"428":1,"429":1,"430":1,"431":1,"432":1,"433":1,"434":1,"435":1,"436":1,"437":1,"438":1,"439":1,"440":1,"441":1,"442":1,"443":1,"444":1,"445":1,"446":1,"447":1,"448":1,"449":1,"450":1,"451":1,"452":1,"453":1,"454":1,"455":1,"456":1,"457":1,"458":1,"459":1,"460":1,"461":1,"462":1,"463":1,"464":1,"465":1,"466":1,"467":1,"468":1,"469":1,"470":1,"471":1,"472":1,"473":1,"474":1,"475":1,"476":1,"477":1,"478":1,"479":1,"480":1,"481":1,"482":1,"483":1,"484":1,"485":1,"486":1,"487":1,"488":1,"489":1,"490":1,"491":1,"492":1,"493":1,"494":1,"495":1,"496":1,"497":1,"498":1,"499":1,"500":1,"501":1,"502":1,"503":1,"504":1,"505":1,"506":1,"507":1,"508":1,"509":1,"510":1,"511":1,"512":1,"513":1,"514":1,"515":1,"516":1,"517":1,"518":1,"519":1,"520":1,"521":1,"522":1,"523":1,"524":1,"525":1,"526":1,"527":1,"528":1,"529":1,"530":1,"531":1,"532":1,"533":1,"534":1,"535":1,"536":1,"537":1,"538":1,"539":1,"540":1,"541":1,"542":1,"543":1,"544":1,"545":1,"546":1,"547":1,"548":1,"549":1,"550":1,"551":1,"552":1,"553":1,"554":1,"555":1,"556":1,"557":1,"558":1,"559":1,"560":1,"561":1,"562":1,"563":1,"564":1,"565":1,"566":1,"567":1,"568":1,"569":1,"570":1,"571":1,"572":1,"573":1,"574":1,"575":1,"576":1,"577":1,"578":1,"579":1,"580":1,"581":1,"582":1,"583":1,"584":1,"585":1,"586":1,"587":1,"588":1,"589":1,"590":1,"591":1,"592":1,"593":1,"594":1,"595":1,"596":1,"597":1,"598":1,"599":1,"600":1,"601":1,"602":1,"603":1,"604":1,"605":1,"606":1,"607":1,"608":1,"609":1,"610":1,"611":1,"612":1,"613":1,"614":1,"615":1,"616":1,"617":1,"618":1,"619":1,"620":1,"621":1,"622":1,"623":1,"624":1,"625":1,"626":1,"627":1,"628":1,"629":1,"630":1,"631":1,"632":1,"633":1,"634":1,"635":1,"636":1,"637":1,"638":1,"639":1,"640":1,"641":1,"642":1,"643":1,"644":1,"645":1,"646":1,"647":1,"648":1,"649":1,"650":1,"651":1,"652":1,"653":1,"654":1,"655":1,"656":1,"657":1,"658":1,"659":1,"660":1,"661":1,"662":1,"663":1,"664":1,"665":1,"666":1,"667":1,"668":1,"669":1,"670":1,"671":1,"672":1,"673":1,"674":1,"675":1,"676":1,"677":1,"678":1,"679":1,"680":1,"681":1,"682":1,"683":1,"684":1,"685":1,"686":1,"687":1,"688":1,"689":1,"690":1,"691":1,"692":1,"693":1,"694":1,"695":1,"696":1,"697":1,"698":1,"699":1,"700":1,"701":1,"702":1,"703":1,"704":1,"705":1,"706":1,"707":1,"708":1,"709":1,"710":1,"711":1,"712":1,"713":1,"714":1,"715":1,"716":1,"717":1,"718":1,"719":1,"720":1,"721":1,"722":1,"723":1,"724":1,"725":1,"726":1,"727":1,"728":1,"729":1,"730":1,"731":1,"732":1,"733":1,"734":1,"735":1,"736":1,"737":1,"738":1,"739":1,"740":1,"741":1,"742":1,"743":1,"744":1,"745":1,"746":1,"747":1,"748":1,"749":1,"750":1,"751":1,"752":1,"753":1,"754":1,"755":1,"756":1,"757":1,"758":1,"759":1,"760":1,"761":1,"762":1,"763":1,"764":1,"765":1,"766":1,"767":1,"768":1,"769":1,"770":1,"771":1,"772":1,"773":1,"774":1,"775":1,"776":1,"777":1,"778":1,"779":1,"780":1,"781":1,"782":1,"783":1,"784":1,"785":1,"786":1,"787":1,"788":1,"789":1,"790":1,"791":1,"792":1,"793":1,"794":1,"795":1,"796":1,"797":1,"798":1,"799":1,"800":1,"801":1,"802":1,"803":1,"804":1,"805":1,"806":1,"807":1,"808":1,"809":1,"810":1,"811":1,"812":1,"813":1,"815":1,"816":1,"817":1,"818":1,"819":1,"820":1,"821":1,"822":1,"823":1,"824":1,"825":1,"826":1,"827":1,"828":1,"829":1,"830":1,"831":1,"832":1,"833":1,"834":1,"835":1,"836":1,"837":1,"838":1,"839":1,"840":1,"841":1,"842":1,"844":1,"845":1947,"846":1947,"848":1,"849":23,"850":23,"851":23,"853":23,"854":3,"855":3,"857":20,"858":20,"860":1,"861":0,"862":0,"863":0,"865":0,"866":0,"867":0,"869":0,"870":0,"872":1,"873":0,"874":0,"875":0,"876":0,"877":0,"878":0,"879":0,"881":0,"882":0,"884":1,"885":0,"886":0,"887":0,"889":1,"890":0,"891":0,"892":0,"894":0,"895":0,"896":0,"898":0,"899":0},"branchMap":{"0":{"type":"branch","line":845,"loc":{"start":{"line":845,"column":7},"end":{"line":847,"column":1}},"locations":[{"start":{"line":845,"column":7},"end":{"line":847,"column":1}}]},"1":{"type":"branch","line":846,"loc":{"start":{"line":846,"column":48},"end":{"line":846,"column":63}},"locations":[{"start":{"line":846,"column":48},"end":{"line":846,"column":63}}]},"2":{"type":"branch","line":849,"loc":{"start":{"line":849,"column":7},"end":{"line":859,"column":1}},"locations":[{"start":{"line":849,"column":7},"end":{"line":859,"column":1}}]},"3":{"type":"branch","line":852,"loc":{"start":{"line":852,"column":63},"end":{"line":852,"column":73}},"locations":[{"start":{"line":852,"column":63},"end":{"line":852,"column":73}}]},"4":{"type":"branch","line":854,"loc":{"start":{"line":854,"column":14},"end":{"line":859,"column":1}},"locations":[{"start":{"line":854,"column":14},"end":{"line":859,"column":1}}]},"5":{"type":"branch","line":854,"loc":{"start":{"line":854,"column":14},"end":{"line":856,"column":3}},"locations":[{"start":{"line":854,"column":14},"end":{"line":856,"column":3}}]},"6":{"type":"branch","line":856,"loc":{"start":{"line":856,"column":2},"end":{"line":859,"column":1}},"locations":[{"start":{"line":856,"column":2},"end":{"line":859,"column":1}}]},"7":{"type":"branch","line":852,"loc":{"start":{"line":852,"column":31},"end":{"line":852,"column":63}},"locations":[{"start":{"line":852,"column":31},"end":{"line":852,"column":63}}]}},"b":{"0":[1947],"1":[11682],"2":[23],"3":[3],"4":[22],"5":[3],"6":[20],"7":[1154]},"fnMap":{"0":{"name":"getAllModels","decl":{"start":{"line":845,"column":7},"end":{"line":847,"column":1}},"loc":{"start":{"line":845,"column":7},"end":{"line":847,"column":1}},"line":845},"1":{"name":"getModelByCode","decl":{"start":{"line":849,"column":7},"end":{"line":859,"column":1}},"loc":{"start":{"line":849,"column":7},"end":{"line":859,"column":1}},"line":849},"2":{"name":"getTransformationByKey","decl":{"start":{"line":861,"column":7},"end":{"line":871,"column":1}},"loc":{"start":{"line":861,"column":7},"end":{"line":871,"column":1}},"line":861},"3":{"name":"searchModels","decl":{"start":{"line":873,"column":7},"end":{"line":883,"column":1}},"loc":{"start":{"line":873,"column":7},"end":{"line":883,"column":1}},"line":873},"4":{"name":"getModelsByPriority","decl":{"start":{"line":885,"column":7},"end":{"line":888,"column":1}},"loc":{"start":{"line":885,"column":7},"end":{"line":888,"column":1}},"line":885},"5":{"name":"getModelsByTransformation","decl":{"start":{"line":890,"column":7},"end":{"line":900,"column":1}},"loc":{"start":{"line":890,"column":7},"end":{"line":900,"column":1}},"line":890}},"f":{"0":1947,"1":23,"2":0,"3":0,"4":0,"5":0}}
,"/Users/others/hummbl-production/api/src/index.ts": {"path":"/Users/others/hummbl-production/api/src/index.ts","all":false,"statementMap":{"0":{"start":{"line":1,"column":0},"end":{"line":1,"column":3}},"5":{"start":{"line":6,"column":0},"end":{"line":6,"column":28}},"6":{"start":{"line":7,"column":0},"end":{"line":7,"column":33}},"7":{"start":{"line":8,"column":0},"end":{"line":8,"column":37}},"8":{"start":{"line":9,"column":0},"end":{"line":9,"column":77}},"9":{"start":{"line":10,"column":0},"end":{"line":10,"column":49}},"12":{"start":{"line":13,"column":0},"end":{"line":13,"column":43}},"14":{"start":{"line":15,"column":0},"end":{"line":15,"column":23}},"17":{"start":{"line":18,"column":0},"end":{"line":18,"column":21}},"20":{"start":{"line":21,"column":0},"end":{"line":21,"column":33}},"21":{"start":{"line":22,"column":0},"end":{"line":22,"column":15}},"22":{"start":{"line":23,"column":0},"end":{"line":23,"column":48}},"23":{"start":{"line":24,"column":0},"end":{"line":24,"column":38}},"24":{"start":{"line":25,"column":0},"end":{"line":25,"column":48}},"25":{"start":{"line":26,"column":0},"end":{"line":26,"column":65}},"26":{"start":{"line":27,"column":0},"end":{"line":27,"column":326}},"27":{"start":{"line":28,"column":0},"end":{"line":28,"column":3}},"30":{"start":{"line":31,"column":0},"end":{"line":31,"column":23}},"33":{"start":{"line":34,"column":0},"end":{"line":34,"column":77}},"35":{"start":{"line":36,"column":0},"end":{"line":36,"column":33}},"37":{"start":{"line":38,"column":0},"end":{"line":38,"column":69}},"38":{"start":{"line":39,"column":0},"end":{"line":39,"column":27}},"39":{"start":{"line":40,"column":0},"end":{"line":40,"column":54}},"40":{"start":{"line":41,"column":0},"end":{"line":41,"column":33}},"41":{"start":{"line":42,"column":0},"end":{"line":42,"column":32}},"42":{"start":{"line":43,"column":0},"end":{"line":43,"column":7}},"43":{"start":{"line":44,"column":0},"end":{"line":44,"column":5}},"44":{"start":{"line":45,"column":0},"end":{"line":45,"column":3}},"46":{"start":{"line":47,"column":0},"end":{"line":47,"column":100}},"47":{"start":{"line":48,"column":0},"end":{"line":48,"column":25}},"48":{"start":{"line":49,"column":0},"end":{"line":49,"column":41}},"49":{"start":{"line":50,"column":0},"end":{"line":50,"column":26}},"51":{"start":{"line":52,"column":0},"end":{"line":52,"column":51}},"53":{"start":{"line":54,"column":0},"end":{"line":54,"column":56}},"54":{"start":{"line":55,"column":0},"end":{"line":55,"column":72}},"55":{"start":{"line":56,"column":0},"end":{"line":56,"column":24}},"56":{"start":{"line":57,"column":0},"end":{"line":57,"column":3}},"58":{"start":{"line":59,"column":0},"end":{"line":59,"column":43}},"59":{"start":{"line":60,"column":0},"end":{"line":60,"column":19}},"60":{"start":{"line":61,"column":0},"end":{"line":61,"column":21}},"61":{"start":{"line":62,"column":0},"end":{"line":62,"column":59}},"62":{"start":{"line":63,"column":0},"end":{"line":63,"column":12}},"63":{"start":{"line":64,"column":0},"end":{"line":64,"column":3}},"65":{"start":{"line":66,"column":0},"end":{"line":66,"column":24}},"66":{"start":{"line":67,"column":0},"end":{"line":67,"column":22}},"67":{"start":{"line":68,"column":0},"end":{"line":68,"column":3}},"72":{"start":{"line":73,"column":0},"end":{"line":73,"column":21}},"73":{"start":{"line":74,"column":0},"end":{"line":74,"column":17}},"74":{"start":{"line":75,"column":0},"end":{"line":75,"column":23}},"75":{"start":{"line":76,"column":0},"end":{"line":76,"column":21}},"76":{"start":{"line":77,"column":0},"end":{"line":77,"column":47}},"77":{"start":{"line":78,"column":0},"end":{"line":78,"column":16}},"78":{"start":{"line":79,"column":0},"end":{"line":79,"column":24}},"79":{"start":{"line":80,"column":0},"end":{"line":80,"column":27}},"80":{"start":{"line":81,"column":0},"end":{"line":81,"column":32}},"81":{"start":{"line":82,"column":0},"end":{"line":82,"column":45}},"82":{"start":{"line":83,"column":0},"end":{"line":83,"column":32}},"83":{"start":{"line":84,"column":0},"end":{"line":84,"column":6}},"84":{"start":{"line":85,"column":0},"end":{"line":85,"column":51}},"85":{"start":{"line":86,"column":0},"end":{"line":86,"column":5}},"86":{"start":{"line":87,"column":0},"end":{"line":87,"column":3}},"91":{"start":{"line":92,"column":0},"end":{"line":92,"column":27}},"92":{"start":{"line":93,"column":0},"end":{"line":93,"column":35}},"93":{"start":{"line":94,"column":0},"end":{"line":94,"column":65}},"95":{"start":{"line":96,"column":0},"end":{"line":96,"column":17}},"96":{"start":{"line":97,"column":0},"end":{"line":97,"column":22}},"97":{"start":{"line":98,"column":0},"end":{"line":98,"column":21}},"98":{"start":{"line":99,"column":0},"end":{"line":99,"column":40}},"99":{"start":{"line":100,"column":0},"end":{"line":100,"column":22}},"100":{"start":{"line":101,"column":0},"end":{"line":101,"column":35}},"101":{"start":{"line":102,"column":0},"end":{"line":102,"column":24}},"102":{"start":{"line":103,"column":0},"end":{"line":103,"column":36}},"103":{"start":{"line":104,"column":0},"end":{"line":104,"column":27}},"104":{"start":{"line":105,"column":0},"end":{"line":105,"column":34}},"105":{"start":{"line":106,"column":0},"end":{"line":106,"column":5}},"106":{"start":{"line":107,"column":0},"end":{"line":107,"column":5}},"107":{"start":{"line":108,"column":0},"end":{"line":108,"column":3}},"112":{"start":{"line":113,"column":0},"end":{"line":113,"column":39}},"113":{"start":{"line":114,"column":0},"end":{"line":114,"column":68}},"114":{"start":{"line":115,"column":0},"end":{"line":115,"column":15}},"115":{"start":{"line":116,"column":0},"end":{"line":116,"column":17}},"116":{"start":{"line":117,"column":0},"end":{"line":117,"column":31}},"117":{"start":{"line":118,"column":0},"end":{"line":118,"column":32}},"118":{"start":{"line":119,"column":0},"end":{"line":119,"column":6}},"120":{"start":{"line":121,"column":0},"end":{"line":121,"column":17}},"121":{"start":{"line":122,"column":0},"end":{"line":122,"column":18}},"122":{"start":{"line":123,"column":0},"end":{"line":123,"column":25}},"123":{"start":{"line":124,"column":0},"end":{"line":124,"column":5}},"124":{"start":{"line":125,"column":0},"end":{"line":125,"column":3}},"129":{"start":{"line":130,"column":0},"end":{"line":130,"column":30}},"130":{"start":{"line":131,"column":0},"end":{"line":131,"column":35}},"132":{"start":{"line":133,"column":0},"end":{"line":133,"column":17}},"133":{"start":{"line":134,"column":0},"end":{"line":134,"column":18}},"134":{"start":{"line":135,"column":0},"end":{"line":135,"column":20}},"135":{"start":{"line":136,"column":0},"end":{"line":136,"column":27}},"136":{"start":{"line":137,"column":0},"end":{"line":137,"column":5}},"137":{"start":{"line":138,"column":0},"end":{"line":138,"column":3}},"143":{"start":{"line":144,"column":0},"end":{"line":144,"column":36}},"144":{"start":{"line":145,"column":0},"end":{"line":145,"column":49}},"145":{"start":{"line":146,"column":0},"end":{"line":146,"column":38}},"147":{"start":{"line":148,"column":0},"end":{"line":148,"column":18}},"148":{"start":{"line":149,"column":0},"end":{"line":149,"column":19}},"149":{"start":{"line":150,"column":0},"end":{"line":150,"column":20}},"150":{"start":{"line":151,"column":0},"end":{"line":151,"column":24}},"151":{"start":{"line":152,"column":0},"end":{"line":152,"column":7}},"152":{"start":{"line":153,"column":0},"end":{"line":153,"column":10}},"153":{"start":{"line":154,"column":0},"end":{"line":154,"column":19}},"154":{"start":{"line":155,"column":0},"end":{"line":155,"column":21}},"155":{"start":{"line":156,"column":0},"end":{"line":156,"column":46}},"156":{"start":{"line":157,"column":0},"end":{"line":157,"column":37}},"157":{"start":{"line":158,"column":0},"end":{"line":158,"column":39}},"158":{"start":{"line":159,"column":0},"end":{"line":159,"column":12}},"159":{"start":{"line":160,"column":0},"end":{"line":160,"column":3}},"160":{"start":{"line":161,"column":0},"end":{"line":161,"column":3}},"166":{"start":{"line":167,"column":0},"end":{"line":167,"column":40}},"167":{"start":{"line":168,"column":0},"end":{"line":168,"column":7}},"168":{"start":{"line":169,"column":0},"end":{"line":169,"column":50}},"170":{"start":{"line":171,"column":0},"end":{"line":171,"column":50}},"171":{"start":{"line":172,"column":0},"end":{"line":172,"column":21}},"172":{"start":{"line":173,"column":0},"end":{"line":173,"column":23}},"173":{"start":{"line":174,"column":0},"end":{"line":174,"column":51}},"174":{"start":{"line":175,"column":0},"end":{"line":175,"column":14}},"175":{"start":{"line":176,"column":0},"end":{"line":176,"column":5}},"177":{"start":{"line":178,"column":0},"end":{"line":178,"column":37}},"178":{"start":{"line":179,"column":0},"end":{"line":179,"column":89}},"180":{"start":{"line":181,"column":0},"end":{"line":181,"column"
[...]
":{"start":{"line":275,"column":0},"end":{"line":275,"column":8}},"275":{"start":{"line":276,"column":0},"end":{"line":276,"column":46}},"276":{"start":{"line":277,"column":0},"end":{"line":277,"column":5}},"277":{"start":{"line":278,"column":0},"end":{"line":278,"column":3}},"280":{"start":{"line":281,"column":0},"end":{"line":281,"column":42}},"281":{"start":{"line":282,"column":0},"end":{"line":282,"column":10}},"282":{"start":{"line":283,"column":0},"end":{"line":283,"column":61}},"283":{"start":{"line":284,"column":0},"end":{"line":284,"column":6}},"286":{"start":{"line":287,"column":0},"end":{"line":287,"column":32}},"287":{"start":{"line":288,"column":0},"end":{"line":288,"column":29}},"288":{"start":{"line":289,"column":0},"end":{"line":289,"column":38}},"289":{"start":{"line":290,"column":0},"end":{"line":290,"column":20}},"290":{"start":{"line":291,"column":0},"end":{"line":291,"column":23}},"293":{"start":{"line":294,"column":0},"end":{"line":294,"column":37}},"294":{"start":{"line":295,"column":0},"end":{"line":295,"column":30}},"295":{"start":{"line":296,"column":0},"end":{"line":296,"column":36}},"296":{"start":{"line":297,"column":0},"end":{"line":297,"column":23}},"298":{"start":{"line":299,"column":0},"end":{"line":299,"column":12}},"299":{"start":{"line":300,"column":0},"end":{"line":300,"column":23}},"300":{"start":{"line":301,"column":0},"end":{"line":301,"column":26}},"301":{"start":{"line":302,"column":0},"end":{"line":302,"column":22}},"302":{"start":{"line":303,"column":0},"end":{"line":303,"column":6}},"303":{"start":{"line":304,"column":0},"end":{"line":304,"column":3}},"305":{"start":{"line":306,"column":0},"end":{"line":306,"column":10}},"306":{"start":{"line":307,"column":0},"end":{"line":307,"column":28}},"307":{"start":{"line":308,"column":0},"end":{"line":308,"column":20}},"308":{"start":{"line":309,"column":0},"end":{"line":309,"column":59}},"309":{"start":{"line":310,"column":0},"end":{"line":310,"column":4}},"310":{"start":{"line":311,"column":0},"end":{"line":311,"column":1}}},"s":{"8":1,"9":1,"10":1,"11":1,"12":1,"13":1,"14":1,"15":1,"16":1,"17":1,"18":1,"19":1,"20":1,"21":1,"22":1,"23":1,"24":1,"25":1,"26":1,"27":1,"28":1,"29":1,"30":1,"31":1,"40":1,"42":1,"43":1,"44":1,"45":1,"46":1,"48":1,"49":1,"50":1,"51":1,"52":1,"54":1,"55":1,"56":1,"57":1,"58":1,"60":1,"61":1,"62":1,"63":1,"64":1,"66":1,"67":1,"68":1,"69":1,"70":1,"72":1,"73":1,"74":1,"75":1,"76":1,"78":1,"79":1,"80":1,"81":1,"82":1,"84":1,"85":1,"86":1,"87":1,"88":1,"90":1,"91":1,"92":1,"93":1,"94":1,"95":1,"98":1,"99":1,"100":1,"101":1,"102":1,"103":1,"104":1,"105":1,"106":1,"107":1,"108":1,"109":1,"110":1,"111":1,"112":1,"113":1,"114":1,"115":1,"116":1,"119":266472,"121":266472,"123":266472,"125":266472,"126":3679375,"127":131815,"128":131815,"129":131815,"130":3679375,"132":266472,"133":266472,"136":25254,"137":25254,"138":25254,"139":25254,"140":25254,"141":25254,"142":25254,"144":25254,"145":25254,"148":207,"149":207,"151":207,"153":476,"154":8092,"155":70,"156":70,"157":70,"158":8092,"159":476,"161":207,"162":207,"165":207,"166":207,"169":207,"170":1863,"172":1863,"173":35811,"175":35811,"176":82167,"177":82034,"178":82031,"179":82010,"180":81995,"181":81995,"182":35811,"183":35811,"184":35811,"186":1863,"187":145,"188":168,"190":168,"191":168,"192":168,"193":145,"194":1863,"196":207,"197":207,"200":24840,"201":24840,"202":24840,"203":24840,"204":24840,"205":24840,"206":4140,"207":4140,"210":24840,"211":24840,"212":24840,"213":24840,"214":24840,"215":24840,"216":24840,"218":24840,"221":24840,"222":98520,"223":911310,"224":1501,"225":1501,"226":911310,"228":98520,"229":1047,"230":1047,"231":98520,"234":24840,"235":24840,"236":24840,"239":24840,"241":24840,"242":24840,"250":1,"251":207,"252":207,"253":207,"254":207,"256":207,"257":207,"258":207,"261":207,"264":207,"265":207,"266":159,"267":159,"268":159,"269":159,"270":159,"271":159,"272":159,"273":159,"274":159,"275":159,"276":159,"277":159,"280":207,"281":24840,"282":24840,"283":207,"286":207,"287":207,"288":207,"289":207,"290":207,"293":207,"294":0,"295":0,"296":0,"298":0,"299":0,"300":0,"301":0,"302":0,"303":0,"305":207,"306":207,"307":207,"308":207,"309":207,"310":207},"branchMap":{"0":{"type":"branch","line":120,"loc":{"start":{"line":120,"column":0},"end":{"line":134,"column":1}},"locations":[{"start":{"line":120,"column":0},"end":{"line":134,"column":1}}]},"1":{"type":"branch","line":126,"loc":{"start":{"line":126,"column":33},"end":{"line":131,"column":3}},"locations":[{"start":{"line":126,"column":33},"end":{"line":131,"column":3}}]},"2":{"type":"branch","line":127,"loc":{"start":{"line":127,"column":41},"end":{"line":127,"column":72}},"locations":[{"start":{"line":127,"column":41},"end":{"line":127,"column":72}}]},"3":{"type":"branch","line":127,"loc":{"start":{"line":127,"column":72},"end":{"line":130,"column":5}},"locations":[{"start":{"line":127,"column":72},"end":{"line":130,"column":5}}]},"4":{"type":"branch","line":137,"loc":{"start":{"line":137,"column":0},"end":{"line":146,"column":1}},"locations":[{"start":{"line":137,"column":0},"end":{"line":146,"column":1}}]},"5":{"type":"branch","line":145,"loc":{"start":{"line":145,"column":9},"end":{"line":145,"column":43}},"locations":[{"start":{"line":145,"column":9},"end":{"line":145,"column":43}}]},"6":{"type":"branch","line":145,"loc":{"start":{"line":145,"column":39},"end":{"line":145,"column":49}},"locations":[{"start":{"line":145,"column":39},"end":{"line":145,"column":49}}]},"7":{"type":"branch","line":142,"loc":{"start":{"line":142,"column":12},"end":{"line":142,"column":35}},"locations":[{"start":{"line":142,"column":12},"end":{"line":142,"column":35}}]},"8":{"type":"branch","line":143,"loc":{"start":{"line":143,"column":12},"end":{"line":143,"column":40}},"locations":[{"start":{"line":143,"column":12},"end":{"line":143,"column":40}}]},"9":{"type":"branch","line":149,"loc":{"start":{"line":149,"column":0},"end":{"line":163,"column":1}},"locations":[{"start":{"line":149,"column":0},"end":{"line":163,"column":1}}]},"10":{"type":"branch","line":152,"loc":{"start":{"line":152,"column":34},"end":{"line":160,"column":3}},"locations":[{"start":{"line":152,"column":34},"end":{"line":160,"column":3}}]},"11":{"type":"branch","line":154,"loc":{"start":{"line":154,"column":57},"end":{"line":159,"column":5}},"locations":[{"start":{"line":154,"column":57},"end":{"line":159,"column":5}}]},"12":{"type":"branch","line":155,"loc":{"start":{"line":155,"column":31},"end":{"line":155,"column":54}},"locations":[{"start":{"line":155,"column":31},"end":{"line":155,"column":54}}]},"13":{"type":"branch","line":155,"loc":{"start":{"line":155,"column":54},"end":{"line":158,"column":7}},"locations":[{"start":{"line":155,"column":54},"end":{"line":158,"column":7}}]},"14":{"type":"branch","line":157,"loc":{"start":{"line":157,"column":21},"end":{"line":157,"column":47}},"locations":[{"start":{"line":157,"column":21},"end":{"line":157,"column":47}}]},"15":{"type":"branch","line":166,"loc":{"start":{"line":166,"column":0},"end":{"line":198,"column":1}},"locations":[{"start":{"line":166,"column":0},"end":{"line":198,"column":1}}]},"16":{"type":"branch","line":170,"loc":{"start":{"line":170,"column":42},"end":{"line":195,"column":3}},"locations":[{"start":{"line":170,"column":42},"end":{"line":195,"column":3}}]},"17":{"type":"branch","line":173,"loc":{"start":{"line":173,"column":39},"end":{"line":185,"column":5}},"locations":[{"start":{"line":173,"column":39},"end":{"line":185,"column":5}}]},"18":{"type":"branch","line":184,"loc":{"start":{"line":184,"column":20},"end":{"line":184,"column":33}},"locations":[{"start":{"line":184,"column":20},"end":{"line":184,"column":33}}]},"19":{"type":"branch","line":187,"loc":{"start":{"line":187,"column":24},"end":{"line":194,"column":5}},"locations":[{"start":{"line":187,"column":24},"end":{"line":194,"column":5}}]},"20":{"type":"branch","line":188,"loc":{"start":{"line":188,"column":51},"end":{"line":193,"column":7}},"locations":[{"start":{"line":188,"column":51},"end":{"line":193,"column":7}}]},"21":{"type":"branch","line":189,"loc":{"start":{"line":189,"column":45},"end":{"line":189,"column":52}},"locations":[{"start":{"line":189,"column":45},"end":{"line":189,"column":52}}]},"22":{"type":"branch","line":176,"loc":{"start":{"line":176,"column":37},"end":{"line":182,"column":22}},"locations":[{"start":{"line":176,"column":37},"end":{"line":182,"column":22}}]},"23":{"type":"branch","line":177,"loc":{"start":{"line":177,"column":14},"end":{"line":178,"column":26}},"locations":[{"start":{"line":177,"column":14},"end":{"line":178,"column":26}}]},"24":{"type":"branch","line":178,"loc":{"start":{"line":178,"column":14},"end":{"line":179,"column":32}},"locations":[{"start":{"line":178,"column":14},"end":{"line":179,"column":32}}]},"25":{"type":"branch","line":179,"loc":{"start":{"line":179,"column":28},"end":{"line":180,"column":32}},"locations":[{"start":{"line":179,"column":28},"end":{"line":180,"column":32}}]},"26":{"type":"branch","line":180,"loc":{"start":{"line":180,"column":28},"end":{"line":181,"column":25}},"locations":[{"start":{"line":180,"column":28},"end":{"line":181,"column":25}}]},"27":{"type":"branch","line":181,"loc":{"start":{"line":181,"column":21},"end":{"line":182,"column":22}},"locations":[{"start":{"line":181,"column":21},"end":{"line":182,"column":22}}]},"28":{"type":"branch","line":201,"loc":{"start":{"line":201,"column":0},"end":{"line":208,"column":1}},"locations":[{"start":{"line":201,"column":0},"end":{"line":208,"column":1}}]},"29":{"type":"branch","line":202,"loc":{"start":{"line":202,"column":29},"end":{"line":202,"column":41}},"locations":[{"start":{"line":202,"column":29},"end":{"line":202,"column":41}}]},"30":{"type":"branch","line":202,"loc":{"start":{"line":202,"column":36},"end":{"line":203,"column":36}},"locations":[{"start":{"line":202,"column":36},"end":{"line":203,"column":36}}]},"31":{"type":"branch","line":203,"loc":{"start":{"line":203,"column":29},"end":{"line":203,"column":41}},"locations":[{"start":{"line":203,"column":29},"end":{"line":203,"column":41}}]},"32":{"type":"branch","line":203,"loc":{"start":{"line":203,"column":36},"end":{"line":204,"column":36}},"locations":[{"start":{"line":203,"column":36},"end":{"line":204,"column":36}}]},"33":{"type":"branch","line":204,"loc":{"start":{"line":204,"column":29},"end":{"line":204,"column":41}},"locations":[{"start":{"line":204,"column":29},"end":{"line":204,"column":41}}]},"34":{"type":"branch","line":204,"loc":{"start":{"line":204,"column":36},"end":{"line":205,"column":36}},"locations":[{"start":{"line":204,"column":36},"end":{"line":205,"column":36}}]},"35":{"type":"branch","line":205,"loc":{"start":{"line":205,"column":29},"end":{"line":205,"column":41}},"locations":[{"start":{"line":205,"column":29},"end":{"line":205,"column":41}}]},"36":{"type":"branch","line":205,"loc":{"start":{"line":205,"column":36},"end":{"line":206,"column":36}},"locations":[{"start":{"line":205,"column":36},"end":{"line":206,"column":36}}]},"37":{"type":"branch","line":206,"loc":{"start":{"line":206,"column":29},"end":{"line":208,"column":1}},"locations":[{"start":{"line":206,"column":29},"end":{"line":208,"column":1}}]},"38":{"type":"branch","line":211,"loc":{"start":{"line":211,"column":0},"end":{"line":243,"column":1}},"locations":[{"start":{"line":211,"column":0},"end":{"line":243,"column":1}}]},"39":{"type":"branch","line":222,"loc":{"start":{"line":222,"column":34},"end":{"line":232,"column":3}},"locations":[{"start":{"line":222,"column":34},"end":{"line":232,"column":3}}]},"40":{"type":"branch","line":223,"loc":{"start":{"line":223,"column":41},"end":{"line":227,"column":5}},"locations":[{"start":{"line":223,"column":41},"end":{"line":227,"column":5}}]},"41":{"type":"branch","line":224,"loc":{"start":{"line":224,"column":34},"end":{"line":224,"column":66}},"locations":[{"start":{"line":224,"column":34},"end":{"line":224,"column":66}}]},"42":{"type":"branch","line":224,"loc":{"start":{"line":224,"column":66},"end":{"line":226,"column":7}},"locations":[{"start":{"line":224,"column":66},"end":{"line":226,"column":7}}]},"43":{"type":"branch","line":229,"loc":{"start":{"line":229,"column":37},"end":{"line":231,"column":5}},"locations":[{"start":{"line":229,"column":37},"end":{"line":231,"column":5}}]},"44":{"type":"branch","line":236,"loc":{"start":{"line":236,"column":42},"end":{"line":236,"column":49}},"locations":[{"start":{"line":236,"column":42},"end":{"line":236,"column":49}}]},"45":{"type":"branch","line":251,"loc":{"start":{"line":251,"column":7},"end":{"line":311,"column":1}},"locations":[{"start":{"line":251,"column":7},"end":{"line":311,"column":1}}]},"46":{"type":"branch","line":266,"loc":{"start":{"line":266,"column":46},"end":{"line":278,"column":3}},"locations":[{"start":{"line":266,"column":46},"end":{"line":278,"column":3}}]},"47":{"type":"branch","line":294,"loc":{"start":{"line":294,"column":36},"end":{"line":304,"column":3}},"locations":[{"start":{"line":294,"column":36},"end":{"line":304,"column":3}}]},"48":{"type":"branch","line":281,"loc":{"start":{"line":281,"column":31},"end":{"line":284,"column":4}},"locations":[{"start":{"line":281,"column":31},"end":{"line":284,"column":4}}]},"49":{"type":"branch","line":288,"loc":{"start":{"line":288,"column":12},"end":{"line":288,"column":28}},"locations":[{"start":{"line":288,"column":12},"end":{"line":288,"column":28}}]},"50":{"type":"branch","line":289,"loc":{"start":{"line":289,"column":10},"end":{"line":289,"column":37}},"locations":[{"start":{"line":289,"column":10},"end":{"line":289,"column":37}}]},"51":{"type":"branch","line":291,"loc":{"start":{"line":291,"column":9},"end":{"line":291,"column":21}},"locations":[{"start":{"line":291,"column":9},"end":{"line":291,"column":21}}]}},"b":{"0":[266472],"1":[3679375],"2":[2812722],"3":[131815],"4":[25254],"5":[25047],"6":[207],"7":[293171],"8":[268308],"9":[207],"10":[476],"11":[8092],"12":[8090],"13":[70],"14":[345],"15":[207],"16":[1863],"17":[35811],"18":[172],"19":[145],"20":[168],"21":[159],"22":[82167],"23":[82034],"24":[82031],"25":[82010],"26":[81995],"27":[81995],"28":[24840],"29":[4140],"30":[20700],"31":[4140],"32":[16560],"33":[4140],"34":[12420],"35":[4140],"36":[8280],"37":[4140],"38":[24840],"39":[98520],"40":[911310],"41":[910198],"42":[1501],"43":[1047],"44":[21660],"45":[207],"46":[159],"47":[0],"48":[24840],"49":[24840],"50":[128302],"51":[1047]},"fnMap":{"0":{"name":"stem","decl":{"start":{"line":120,"column":0},"end":{"line":134,"column":1}},"loc":{"start":{"line":120,"column":0},"end":{"line":134,"column":1}},"line":120},"1":{"name":"extractKeywords","decl":{"start":{"line":137,"column":0},"end":{"line":146,"column":1}},"loc":{"start":{"line":137,"column":0},"end":{"line":146,"column":1}},"line":137},"2":{"name":"expandWithSynonyms","decl":{"start":{"line":149,"column":0},"end":{"line":163,"column":1}},"loc":{"start":{"line":149,"column":0},"end":{"line":163,"column":1}},"line":149},"3":{"name":"detectPatterns","decl":{"start":{"line":166,"column":0},"end":{"line":198,"column":1}},"loc":{"start":{"line":166,"column":0},"end":{"line":198,"column":1}},"line":166},"4":{"name":"getTransformationKey","decl":{"start":{"line":201,"column":0},"end":{"line":208,"column":1}},"loc":{"start":{"line":201,"column":0},"end":{"line":208,"column":1}},"line":201},"5":{"name":"scoreModel","decl":{"start":{"line":211,"column":0},"end":{"line":243,"column":1}},"loc":{"start":{"line":211,"column":0},"end":{"line":243,"column":1}},"line":211},"6":{"name":"recommendModels","decl":{"start":{"line":251,"column":7},"end":{"line":311,"column":1}},"loc":{"start":{"line":251,"column":7},"end":{"line":311,"column":1}},"line":251}},"f":{"0":266472,"1":25254,"2":207,"3":207,"4":24840,"5":24840,"6":207}}
,"/Users/others/hummbl-production/api/src/types.ts": {"path":"/Users/others/hummbl-production/api/src/types.ts","all":false,"statementMap":{"7":{"start":{"line":8,"column":0},"end":{"line":8,"column":68}},"8":{"start":{"line":9,"column":0},"end":{"line":9,"column":6}},"9":{"start":{"line":10,"column":0},"end":{"line":10,"column":7}},"10":{"start":{"line":11,"column":0},"end":{"line":11,"column":7}},"11":{"start":{"line":12,"column":0},"end":{"line":12,"column":7}},"12":{"start":{"line":13,"column":0},"end":{"line":13,"column":7}},"13":{"start":{"line":14,"column":0},"end":{"line":14,"column":7}},"14":{"start":{"line":15,"column":0},"end":{"line":15,"column":11}},"16":{"start":{"line":17,"column":0},"end":{"line":17,"column":86}},"17":{"start":{"line":18,"column":0},"end":{"line":18,"column":34}},"18":{"start":{"line":19,"column":0},"end":{"line":19,"column":17}},"19":{"start":{"line":20,"column":0},"end":{"line":20,"column":3}},"20":{"start":{"line":21,"column":0},"end":{"line":21,"column":68}},"21":{"start":{"line":22,"column":0},"end":{"line":22,"column":2}},"118":{"start":{"line":119,"column":0},"end":{"line":119,"column":55}},"119":{"start":{"line":120,"column":0},"end":{"line":120,"column":11}},"120":{"start":{"line":121,"column":0},"end":{"line":121,"column":8}},"121":{"start":{"line":122,"column":0},"end":{"line":122,"column":3}},"123":{"start":{"line":124,"column":0},"end":{"line":124,"column":56}},"124":{"start":{"line":125,"column":0},"end":{"line":125,"column":12}},"125":{"start":{"line":126,"column":0},"end":{"line":126,"column":8}},"126":{"start":{"line":127,"column":0},"end":{"line":127,"column":3}},"131":{"start":{"line":132,"column":0},"end":{"line":132,"column":84}},"132":{"start":{"line":133,"column":0},"end":{"line":133,"column":28}},"133":{"start":{"line":134,"column":0},"end":{"line":134,"column":1}},"138":{"start":{"line":139,"column":0},"end":{"line":139,"column":86}},"139":{"start":{"line":140,"column":0},"end":{"line":140,"column":29}},"140":{"start":{"line":141,"column":0},"end":{"line":141,"column":1}},"142":{"start":{"line":143,"column":0},"end":{"line":143,"column":32}},"143":{"start":{"line":144,"column":0},"end":{"line":144,"column":20}},"144":{"start":{"line":145,"column":0},"end":{"line":145,"column":56}},"145":{"start":{"line":146,"column":0},"end":{"line":146,"column":35}},"146":{"start":{"line":147,"column":0},"end":{"line":147,"column":1}}},"s":{"7":1,"8":1,"9":1,"10":1,"11":1,"12":1,"13":1,"14":1,"16":1,"17":0,"18":0,"19":0,"20":0,"21":0,"118":1,"119":20,"120":20,"121":20,"123":1,"124":3,"125":3,"126":3,"131":1,"132":0,"133":0,"138":1,"139":0,"140":0,"142":1,"143":0,"144":0,"145":0,"146":0},"branchMap":{"0":{"type":"branch","line":119,"loc":{"start":{"line":119,"column":18},"end":{"line":122,"column":3}},"locations":[{"start":{"line":119,"column":18},"end":{"line":122,"column":3}}]},"1":{"type":"branch","line":124,"loc":{"start":{"line":124,"column":19},"end":{"line":127,"column":3}},"locations":[{"start":{"line":124,"column":19},"end":{"line":127,"column":3}}]}},"b":{"0":[20],"1":[3]},"fnMap":{"0":{"name":"isTransformationType","decl":{"start":{"line":17,"column":36},"end":{"line":22,"column":2}},"loc":{"start":{"line":17,"column":36},"end":{"line":22,"column":2}},"line":17},"1":{"name":"ok","decl":{"start":{"line":119,"column":18},"end":{"line":122,"column":3}},"loc":{"start":{"line":119,"column":18},"end":{"line":122,"column":3}},"line":119},"2":{"name":"err","decl":{"start":{"line":124,"column":19},"end":{"line":127,"column":3}},"loc":{"start":{"line":124,"column":19},"end":{"line":127,"column":3}},"line":124},"3":{"name":"isOk","decl":{"start":{"line":132,"column":7},"end":{"line":134,"column":1}},"loc":{"start":{"line":132,"column":7},"end":{"line":134,"column":1}},"line":132},"4":{"name":"isErr","decl":{"start":{"line":139,"column":7},"end":{"line":141,"column":1}},"loc":{"start":{"line":139,"column":7},"end":{"line":141,"column":1}},"line":139},"5":{"name":"isNotFoundError","decl":{"start":{"line":143,"column":7},"end":{"line":147,"column":1}},"loc":{"start":{"line":143,"column":7},"end":{"line":147,"column":1}},"line":143}},"f":{"0":0,"1":20,"2":3,"3":0,"4":0,"5":0}}
}
